19:55:53 **** Incremental Build of configuration Debug for project F103C8T6 ****
make -j16 all 
arm-none-eabi-gcc "../Core/Src/main.c" -mcpu=cortex-m3 -std=gnu11 -g3 -DDEBUG -DUSE_HAL_DRIVER -DSTM32F103xB -c -I../Core/Inc -I../Drivers/STM32F1xx_HAL_Driver/Inc/Legacy -I../Drivers/STM32F1xx_HAL_Driver/Inc -I../Drivers/CMSIS/Device/ST/STM32F1xx/Include -I../Drivers/CMSIS/Include -O0 -ffunction-sections -fdata-sections -Wall -fstack-usage -MMD -MP -MF"Core/Src/main.d" -MT"Core/Src/main.o" --specs=nano.specs -mfloat-abi=soft -mthumb -o "Core/Src/main.o"
../Core/Src/main.c: In function 'serialPrint':
../Core/Src/main.c:61:16: warning: implicit declaration of function 'strlen' [-Wimplicit-function-declaration]
   61 |  uint8_t len = strlen(string);
      |                ^~~~~~
../Core/Src/main.c:61:16: warning: incompatible implicit declaration of built-in function 'strlen'
../Core/Src/main.c:21:1: note: include '<string.h>' or provide a declaration of 'strlen'
   20 | #include "main.h"
  +++ |+#include <string.h>
   21 | 
arm-none-eabi-gcc -o "F103C8T6.elf" @"objects.list"   -mcpu=cortex-m3 -T"E:\Kampus\TA\Code\Capstone-OBC_TTC\OBC\Cube IDE\F103C8T6\STM32F103C8TX_FLASH.ld" --specs=nosys.specs -Wl,-Map="F103C8T6.map" -Wl,--gc-sections -static --specs=nano.specs -mfloat-abi=soft -mthumb -Wl,--start-group -lc -lm -Wl,--end-group
Finished building target: F103C8T6.elf
 
arm-none-eabi-size   F103C8T6.elf 
arm-none-eabi-objdump -h -S  F103C8T6.elf  > "F103C8T6.list"
   text	   data	    bss	    dec	    hex	filename
   8728	     20	   1644	  10392	   2898	F103C8T6.elf
Finished building: default.size.stdout
 
Finished building: F103C8T6.list
 
19:56:05 **** Incremental Build of configuration Debug for project F103C8T6 ****
make -j16 all 
arm-none-eabi-size   F103C8T6.elf 
   text	   data	    bss	    dec	    hex	filename
   8728	     20	   1644	  10392	   2898	F103C8T6.elf
Finished building: default.size.stdout
 
