2023-04-17 14:26:46,363 [INFO] Activator:177 - 


2023-04-17 14:26:46,364 [INFO] Activator:178 - !SESSION log4j initialized
2023-04-17 14:26:53,165 [INFO] McuFinderGlobals:44 - Set McuFinder mode to 2 (CubeIDE integrated)
2023-04-17 14:26:53,390 [INFO] ApplicationProperties:181 - Using Application install path: E:\Programs\STM32CubeIDE_1.10.1\STM32CubeIDE\plugins\com.st.stm32cube.common.mx_6.6.1.202207061420
2023-04-17 14:26:53,403 [INFO] DbMcusXml:77 - Set database path to: E:\Programs\STM32CubeIDE_1.10.1\STM32CubeIDE\plugins\com.st.stm32cube.common.mx_6.6.1.202207061420\\db\/mcu/
2023-04-17 14:26:53,403 [INFO] ApiDb:269 - Set plugin database path to: E:\Programs\STM32CubeIDE_1.10.1\STM32CubeIDE\plugins\com.st.stm32cube.common.mx_6.6.1.202207061420\\db\/plugins/boardmanager/
2023-04-17 14:26:53,405 [WARN] ApiDb:254 - Overriding images path with different value:  => E:\Programs\STM32CubeIDE_1.10.1\STM32CubeIDE\plugins\com.st.stm32cube.common.mx_6.6.1.202207061420\\db\/plugins/mcufinder/images/
2023-04-17 14:26:53,417 [INFO] ApiDb:249 - Set database path to: C:\Users\Alif\.stmcufinder\plugins\mcufinder//mcu/
2023-04-17 14:26:53,418 [INFO] DbMcusAds:124 - Set database path to: C:\Users\Alif\.stmcufinder\plugins\mcufinder//mcu/
2023-04-17 14:26:53,420 [INFO] CrossReferenceDbSqlite:201 - Set database path to: C:\Users\Alif\.stmcufinder\plugins\mcufinder//mcu/cs/
2023-04-17 14:26:53,496 [INFO] RulesReader:61 - Compatibility file has been processed (282 Rules)
2023-04-17 14:26:53,562 [INFO] DbMcusXml:77 - Set database path to: E:\Programs\STM32CubeIDE_1.10.1\STM32CubeIDE\plugins\com.st.stm32cube.common.mx_6.6.1.202207061420\\db\/mcu/
2023-04-17 14:26:53,563 [INFO] ApiDb:269 - Set plugin database path to: E:\Programs\STM32CubeIDE_1.10.1\STM32CubeIDE\plugins\com.st.stm32cube.common.mx_6.6.1.202207061420\\db\/plugins/boardmanager/
2023-04-17 14:26:53,563 [INFO] ApiDb:256 - Set plugin images path to: E:\Programs\STM32CubeIDE_1.10.1\STM32CubeIDE\plugins\com.st.stm32cube.common.mx_6.6.1.202207061420\\db\/plugins/mcufinder/images/
2023-04-17 14:26:53,563 [WARN] DbFile:40 - Overriding database path with different value: C:\Users\Alif\.stmcufinder\plugins\mcufinder/ => C:\Users\Alif\.stmcufinder\plugins\mcufinder
2023-04-17 14:26:53,564 [INFO] ApiDb:249 - Set database path to: C:\Users\Alif\.stmcufinder\plugins\mcufinder//mcu/
2023-04-17 14:26:53,564 [WARN] DbFile:40 - Overriding database path with different value: C:\Users\Alif\.stmcufinder\plugins\mcufinder/ => C:\Users\Alif\.stmcufinder\plugins\mcufinder
2023-04-17 14:26:53,566 [INFO] DbMcusAds:124 - Set database path to: C:\Users\Alif\.stmcufinder\plugins\mcufinder//mcu/
2023-04-17 14:26:53,567 [WARN] DbFile:40 - Overriding database path with different value: C:\Users\Alif\.stmcufinder\plugins\mcufinder/ => C:\Users\Alif\.stmcufinder\plugins\mcufinder
2023-04-17 14:26:53,567 [WARN] DbFile:40 - Overriding database path with different value: C:\Users\Alif\.stmcufinder\plugins\mcufinder/ => C:\Users\Alif\.stmcufinder\plugins\mcufinder
2023-04-17 14:26:53,568 [INFO] CrossReferenceDbSqlite:201 - Set database path to: C:\Users\Alif\.stmcufinder\plugins\mcufinder//mcu/cs/
2023-04-17 14:26:53,625 [INFO] MainPanel:242 - HeapMemory: 268435456
2023-04-17 14:26:53,695 [INFO] DbMcusXml:77 - Set database path to: E:\Programs\STM32CubeIDE_1.10.1\STM32CubeIDE\plugins\com.st.stm32cube.common.mx_6.6.1.202207061420\\db\/mcu/
2023-04-17 14:26:53,695 [INFO] ApiDb:269 - Set plugin database path to: E:\Programs\STM32CubeIDE_1.10.1\STM32CubeIDE\plugins\com.st.stm32cube.common.mx_6.6.1.202207061420\\db\/plugins/boardmanager/
2023-04-17 14:26:53,696 [INFO] ApiDb:256 - Set plugin images path to: E:\Programs\STM32CubeIDE_1.10.1\STM32CubeIDE\plugins\com.st.stm32cube.common.mx_6.6.1.202207061420\\db\/plugins/mcufinder/images/
2023-04-17 14:26:53,696 [WARN] DbFile:40 - Overriding database path with different value: C:\Users\Alif\.stmcufinder\plugins\mcufinder/ => C:\Users\Alif\.stmcufinder\plugins\mcufinder
2023-04-17 14:26:53,696 [INFO] ApiDb:249 - Set database path to: C:\Users\Alif\.stmcufinder\plugins\mcufinder//mcu/
2023-04-17 14:26:53,696 [WARN] DbFile:40 - Overriding database path with different value: C:\Users\Alif\.stmcufinder\plugins\mcufinder/ => C:\Users\Alif\.stmcufinder\plugins\mcufinder
2023-04-17 14:26:53,696 [INFO] DbMcusAds:124 - Set database path to: C:\Users\Alif\.stmcufinder\plugins\mcufinder//mcu/
2023-04-17 14:26:53,696 [WARN] DbFile:40 - Overriding database path with different value: C:\Users\Alif\.stmcufinder\plugins\mcufinder/ => C:\Users\Alif\.stmcufinder\plugins\mcufinder
2023-04-17 14:26:53,696 [WARN] DbFile:40 - Overriding database path with different value: C:\Users\Alif\.stmcufinder\plugins\mcufinder/ => C:\Users\Alif\.stmcufinder\plugins\mcufinder
2023-04-17 14:26:53,696 [INFO] CrossReferenceDbSqlite:201 - Set database path to: C:\Users\Alif\.stmcufinder\plugins\mcufinder//mcu/cs/
2023-04-17 14:26:53,713 [INFO] ApplicationProperties:181 - Using Application install path: E:\Programs\STM32CubeIDE_1.10.1\STM32CubeIDE\plugins\com.st.stm32cube.common.mx_6.6.1.202207061420
2023-04-17 14:26:53,714 [INFO] PluginManage:193 - Search for loadable plugins [exclusion list=, ]
2023-04-17 14:26:53,717 [INFO] PluginManage:307 - Check plugin analytics
2023-04-17 14:26:53,842 [INFO] AnalyticsPlugin:262 - Accepted Software Licenses: 
2023-04-17 14:26:53,843 [INFO] AnalyticsPlugin:264 - Accepted CMSIS Pack Licenses: 
2023-04-17 14:26:53,843 [INFO] AnalyticsPlugin:266 - Accepted Firmware Licenses: 
2023-04-17 14:26:53,848 [INFO] PluginManage:356 - Loaded plugin analytics (category:tool,tabindex:-1)
2023-04-17 14:26:53,848 [INFO] PluginManage:307 - Check plugin cadmodel
2023-04-17 14:26:53,852 [INFO] CADModel:65 - Init CAD model plugin
2023-04-17 14:26:53,852 [INFO] PluginManage:356 - Loaded plugin cadmodel (category:power,tabindex:5)
2023-04-17 14:26:53,852 [INFO] PluginManage:307 - Check plugin clock
2023-04-17 14:26:53,860 [INFO] PluginManage:356 - Loaded plugin clock (category:base,tabindex:2)
2023-04-17 14:26:53,861 [INFO] PluginManage:307 - Check plugin ddr
2023-04-17 14:26:53,862 [INFO] PluginManage:356 - Loaded plugin ddr (category:tool,tabindex:6)
2023-04-17 14:26:53,862 [INFO] PluginManage:307 - Check plugin filemanager
2023-04-17 14:26:53,982 [INFO] PluginManage:356 - Loaded plugin filemanager (category:base,tabindex:10)
2023-04-17 14:26:53,982 [INFO] PluginManage:307 - Check plugin ipmanager
2023-04-17 14:26:53,988 [INFO] PluginManage:356 - Loaded plugin ipmanager (category:base,tabindex:5)
2023-04-17 14:26:53,988 [INFO] PluginManage:307 - Check plugin lpbam
2023-04-17 14:26:54,025 [INFO] PluginManage:356 - Loaded plugin lpbam (category:base,tabindex:0)
2023-04-17 14:26:54,025 [INFO] PluginManage:307 - Check plugin pinoutandconfiguration
2023-04-17 14:26:54,032 [INFO] PluginManage:356 - Loaded plugin pinoutandconfiguration (category:base,tabindex:1)
2023-04-17 14:26:54,032 [INFO] PluginManage:307 - Check plugin pinoutconfig
2023-04-17 14:26:54,083 [INFO] PluginManage:356 - Loaded plugin pinoutconfig (category:base,tabindex:0)
2023-04-17 14:26:54,084 [INFO] PluginManage:307 - Check plugin power
2023-04-17 14:26:54,092 [INFO] PluginManage:356 - Loaded plugin power (category:power,tabindex:4)
2023-04-17 14:26:54,092 [INFO] PluginManage:307 - Check plugin projectmanager
2023-04-17 14:26:54,105 [INFO] PluginManage:356 - Loaded plugin projectmanager (category:projectmanager,tabindex:3)
2023-04-17 14:26:54,105 [INFO] PluginManage:307 - Check plugin thirdparty
2023-04-17 14:26:54,218 [INFO] PluginManage:356 - Loaded plugin thirdparty (category:base,tabindex:-1)
2023-04-17 14:26:54,219 [INFO] PluginManage:307 - Check plugin tools
2023-04-17 14:26:54,219 [WARN] IntegrityCheckThread:82 - waiting for thirdparty lock release [integrity check]
2023-04-17 14:26:54,220 [INFO] IntegrityCheckThread:84 - entering critical section [integrity check]
2023-04-17 14:26:54,222 [INFO] PluginManage:356 - Loaded plugin tools (category:base,tabindex:7)
2023-04-17 14:26:54,222 [INFO] PluginManage:307 - Check plugin tutovideos
2023-04-17 14:26:54,222 [INFO] ThirdPartyUpdaterWithRetryManager:70 - Updater plugin not ready yet. [1/15]
2023-04-17 14:26:54,363 [INFO] PluginManage:356 - Loaded plugin tutovideos (category:base,tabindex:-1)
2023-04-17 14:26:54,365 [INFO] PluginManage:307 - Check plugin updater
2023-04-17 14:26:54,386 [INFO] PluginManage:356 - Loaded plugin updater (category:base,tabindex:12)
2023-04-17 14:26:54,386 [INFO] PluginManage:280 - PluginManage : Loaded plugins [15]
2023-04-17 14:26:54,603 [INFO] PinOutPanel:1468 - setPackage(No Configuration,No Configuration)
2023-04-17 14:26:54,654 [INFO] CADModel:98 - CPN selected for project level
2023-04-17 14:26:54,668 [INFO] IPUIPlugin:79 - create IPUIPlugin
2023-04-17 14:26:54,668 [INFO] PluginManager:217 - loadIPPluginJar : add adc
2023-04-17 14:26:54,670 [INFO] IPUIPlugin:79 - create IPUIPlugin
2023-04-17 14:26:54,670 [INFO] PluginManager:217 - loadIPPluginJar : add aes
2023-04-17 14:26:54,672 [INFO] IPUIPlugin:79 - create IPUIPlugin
2023-04-17 14:26:54,672 [INFO] PluginManager:217 - loadIPPluginJar : add can
2023-04-17 14:26:54,674 [INFO] IPUIPlugin:79 - create IPUIPlugin
2023-04-17 14:26:54,674 [INFO] PluginManager:217 - loadIPPluginJar : add comp
2023-04-17 14:26:54,676 [INFO] IPUIPlugin:79 - create IPUIPlugin
2023-04-17 14:26:54,676 [INFO] PluginManager:217 - loadIPPluginJar : add cryp
2023-04-17 14:26:54,678 [INFO] IPUIPlugin:79 - create IPUIPlugin
2023-04-17 14:26:54,678 [INFO] PluginManager:217 - loadIPPluginJar : add dfsdm
2023-04-17 14:26:54,682 [INFO] IPUIPlugin:79 - create IPUIPlugin
2023-04-17 14:26:54,683 [INFO] PluginManager:217 - loadIPPluginJar : add dma
2023-04-17 14:26:54,684 [INFO] IPUIPlugin:79 - create IPUIPlugin
2023-04-17 14:26:54,685 [INFO] PluginManager:217 - loadIPPluginJar : add dma3
2023-04-17 14:26:54,686 [INFO] IPUIPlugin:79 - create IPUIPlugin
2023-04-17 14:26:54,686 [INFO] PluginManager:217 - loadIPPluginJar : add fatfs
2023-04-17 14:26:54,689 [INFO] IPUIPlugin:79 - create IPUIPlugin
2023-04-17 14:26:54,690 [INFO] PluginManager:217 - loadIPPluginJar : add fmc
2023-04-17 14:26:54,694 [INFO] IPUIPlugin:79 - create IPUIPlugin
2023-04-17 14:26:54,694 [INFO] PluginManager:217 - loadIPPluginJar : add freertos
2023-04-17 14:26:54,696 [INFO] IPUIPlugin:79 - create IPUIPlugin
2023-04-17 14:26:54,696 [INFO] PluginManager:217 - loadIPPluginJar : add genericplugin
2023-04-17 14:26:54,698 [INFO] IPUIPlugin:79 - create IPUIPlugin
2023-04-17 14:26:54,698 [INFO] PluginManager:217 - loadIPPluginJar : add gfxmmu
2023-04-17 14:26:54,702 [INFO] IPUIPlugin:79 - create IPUIPlugin
2023-04-17 14:26:54,702 [INFO] PluginManager:217 - loadIPPluginJar : add gic
2023-04-17 14:26:54,705 [INFO] IPUIPlugin:79 - create IPUIPlugin
2023-04-17 14:26:54,705 [INFO] PluginManager:217 - loadIPPluginJar : add gpio
2023-04-17 14:26:54,707 [INFO] IPUIPlugin:79 - create IPUIPlugin
2023-04-17 14:26:54,707 [INFO] PluginManager:217 - loadIPPluginJar : add gtzc
2023-04-17 14:26:54,710 [INFO] IPUIPlugin:79 - create IPUIPlugin
2023-04-17 14:26:54,710 [INFO] PluginManager:217 - loadIPPluginJar : add hash
2023-04-17 14:26:54,712 [INFO] IPUIPlugin:79 - create IPUIPlugin
2023-04-17 14:26:54,712 [INFO] PluginManager:217 - loadIPPluginJar : add i2c
2023-04-17 14:26:54,715 [INFO] IPUIPlugin:79 - create IPUIPlugin
2023-04-17 14:26:54,715 [INFO] PluginManager:217 - loadIPPluginJar : add i2s
2023-04-17 14:26:54,717 [INFO] IPUIPlugin:79 - create IPUIPlugin
2023-04-17 14:26:54,717 [INFO] PluginManager:217 - loadIPPluginJar : add ipddr
2023-04-17 14:26:54,722 [INFO] IPUIPlugin:79 - create IPUIPlugin
2023-04-17 14:26:54,722 [INFO] PluginManager:217 - loadIPPluginJar : add linkedlist
2023-04-17 14:26:54,724 [INFO] IPUIPlugin:79 - create IPUIPlugin
2023-04-17 14:26:54,725 [INFO] PluginManager:217 - loadIPPluginJar : add lorawan
2023-04-17 14:26:54,726 [INFO] IPUIPlugin:79 - create IPUIPlugin
2023-04-17 14:26:54,726 [INFO] PluginManager:217 - loadIPPluginJar : add ltdc
2023-04-17 14:26:54,731 [INFO] IPUIPlugin:79 - create IPUIPlugin
2023-04-17 14:26:54,731 [INFO] PluginManager:217 - loadIPPluginJar : add mdma
2023-04-17 14:26:54,734 [INFO] IPUIPlugin:79 - create IPUIPlugin
2023-04-17 14:26:54,734 [INFO] PluginManager:217 - loadIPPluginJar : add nvic
2023-04-17 14:26:54,736 [INFO] IPUIPlugin:79 - create IPUIPlugin
2023-04-17 14:26:54,737 [INFO] PluginManager:217 - loadIPPluginJar : add opamp
2023-04-17 14:26:54,739 [INFO] IPUIPlugin:79 - create IPUIPlugin
2023-04-17 14:26:54,739 [INFO] PluginManager:217 - loadIPPluginJar : add openamp
2023-04-17 14:26:54,741 [INFO] IPUIPlugin:79 - create IPUIPlugin
2023-04-17 14:26:54,742 [INFO] PluginManager:217 - loadIPPluginJar : add pdm2pcm
2023-04-17 14:26:54,748 [INFO] IPUIPlugin:79 - create IPUIPlugin
2023-04-17 14:26:54,749 [INFO] PluginManager:217 - loadIPPluginJar : add plateformsettings
2023-04-17 14:26:54,751 [INFO] IPUIPlugin:79 - create IPUIPlugin
2023-04-17 14:26:54,751 [INFO] PluginManager:217 - loadIPPluginJar : add quadspi
2023-04-17 14:26:54,754 [INFO] IPUIPlugin:79 - create IPUIPlugin
2023-04-17 14:26:54,754 [INFO] PluginManager:217 - loadIPPluginJar : add resmgrutility
2023-04-17 14:26:54,757 [INFO] IPUIPlugin:79 - create IPUIPlugin
2023-04-17 14:26:54,757 [INFO] PluginManager:217 - loadIPPluginJar : add sai
2023-04-17 14:26:54,760 [INFO] IPUIPlugin:79 - create IPUIPlugin
2023-04-17 14:26:54,761 [INFO] PluginManager:217 - loadIPPluginJar : add spi
2023-04-17 14:26:54,764 [INFO] IPUIPlugin:79 - create IPUIPlugin
2023-04-17 14:26:54,764 [INFO] PluginManager:217 - loadIPPluginJar : add stm32_wpan
2023-04-17 14:26:54,765 [INFO] IPUIPlugin:79 - create IPUIPlugin
2023-04-17 14:26:54,766 [INFO] PluginManager:217 - loadIPPluginJar : add tim
2023-04-17 14:26:54,768 [INFO] IPUIPlugin:79 - create IPUIPlugin
2023-04-17 14:26:54,768 [INFO] PluginManager:217 - loadIPPluginJar : add touchsensing
2023-04-17 14:26:54,771 [INFO] IPUIPlugin:79 - create IPUIPlugin
2023-04-17 14:26:54,771 [INFO] PluginManager:217 - loadIPPluginJar : add tracer_emb
2023-04-17 14:26:54,773 [INFO] IPUIPlugin:79 - create IPUIPlugin
2023-04-17 14:26:54,773 [INFO] PluginManager:217 - loadIPPluginJar : add ts
2023-04-17 14:26:54,773 [INFO] IPUIPlugin:79 - create IPUIPlugin
2023-04-17 14:26:54,773 [INFO] PluginManager:217 - loadIPPluginJar : add tsc
2023-04-17 14:26:54,776 [INFO] IPUIPlugin:79 - create IPUIPlugin
2023-04-17 14:26:54,776 [INFO] PluginManager:217 - loadIPPluginJar : add ucpd
2023-04-17 14:26:54,780 [INFO] IPUIPlugin:79 - create IPUIPlugin
2023-04-17 14:26:54,780 [INFO] PluginManager:217 - loadIPPluginJar : add usart
2023-04-17 14:26:54,782 [INFO] IPUIPlugin:79 - create IPUIPlugin
2023-04-17 14:26:54,782 [INFO] PluginManager:217 - loadIPPluginJar : add usbx
2023-04-17 14:26:55,032 [FATAL] Updater:301 - Updater called before beeing initialized
2023-04-17 14:26:55,119 [FATAL] Updater:301 - Updater called before beeing initialized
2023-04-17 14:26:55,125 [INFO] DbMcusAds:52 - JSON generation date=Tue Mar 07 15:50:55 ICT 2023 (1678179055335)
2023-04-17 14:26:55,125 [FATAL] Updater:301 - Updater called before beeing initialized
2023-04-17 14:26:55,159 [WARN] DetailPanel:344 - Failed to get advertising image, set to default
2023-04-17 14:26:55,232 [FATAL] Updater:301 - Updater called before beeing initialized
2023-04-17 14:26:55,234 [FATAL] Updater:301 - Updater called before beeing initialized
2023-04-17 14:26:55,234 [FATAL] Updater:301 - Updater called before beeing initialized
2023-04-17 14:26:55,234 [WARN] DetailPanel:344 - Failed to get advertising image, set to default
2023-04-17 14:26:55,235 [FATAL] Updater:301 - Updater called before beeing initialized
2023-04-17 14:26:55,274 [ERROR] Updater:1105 - MainUpdater not yet initialized. External WinMGr cannot be set.
2023-04-17 14:26:55,276 [INFO] Updater:1041 - Updater Version found : 6.6.1
2023-04-17 14:26:55,291 [INFO] ApplicationProperties:181 - Using Application install path: E:\Programs\STM32CubeIDE_1.10.1\STM32CubeIDE\plugins\com.st.stm32cube.common.mx_6.6.1.202207061420
2023-04-17 14:26:56,116 [INFO] MainUpdater:2768 - connection check result : 10
2023-04-17 14:26:56,117 [INFO] MainUpdater:280 - Updater Check For Update Now.
2023-04-17 14:26:56,117 [INFO] MicroXplorer:481 - Change Database Version : DB.6.0.60
2023-04-17 14:26:56,301 [INFO] CheckServerUpdateThread:119 - End of CheckServer Thread
2023-04-17 14:26:56,358 [INFO] MainUpdater:2768 - connection check result : 10
2023-04-17 14:26:56,366 [INFO] McuFinderGlobals:57 - Set McuFinderConnectedMode to true
2023-04-17 14:26:56,542 [INFO] ServerAccessManage:474 - Download File mcusAds.json._tmp_
2023-04-17 14:26:56,671 [INFO] LoadUrlFilesThread:150 - End of LoadUrlFiles Thread
2023-04-17 14:26:56,926 [INFO] ServerAccessManage:474 - Download File cube-finder-db.zip
2023-04-17 14:26:57,234 [WARN] MainUpdater:1184 - Updater busy. Cannot search thirdparties
2023-04-17 14:26:57,234 [INFO] ThirdPartyUpdaterWithRetryManager:96 - Updater plugin is busy. [1/15]
2023-04-17 14:27:00,246 [WARN] MainUpdater:1184 - Updater busy. Cannot search thirdparties
2023-04-17 14:27:00,246 [INFO] ThirdPartyUpdaterWithRetryManager:96 - Updater plugin is busy. [2/15]
2023-04-17 14:27:03,261 [WARN] MainUpdater:1184 - Updater busy. Cannot search thirdparties
2023-04-17 14:27:03,261 [INFO] ThirdPartyUpdaterWithRetryManager:96 - Updater plugin is busy. [3/15]
2023-04-17 14:27:06,263 [WARN] MainUpdater:1184 - Updater busy. Cannot search thirdparties
2023-04-17 14:27:06,263 [INFO] ThirdPartyUpdaterWithRetryManager:96 - Updater plugin is busy. [4/15]
2023-04-17 14:27:07,854 [INFO] FileExtend:239 - Unzip File : cube-finder-db.zip
2023-04-17 14:27:07,854 [INFO] FileExtend:254 - Standard Zip Deflate
2023-04-17 14:27:08,375 [INFO] LoadUrlFilesThread:150 - End of LoadUrlFiles Thread
2023-04-17 14:27:09,272 [WARN] MainUpdater:1184 - Updater busy. Cannot search thirdparties
2023-04-17 14:27:09,272 [INFO] ThirdPartyUpdaterWithRetryManager:96 - Updater plugin is busy. [5/15]
2023-04-17 14:27:09,614 [INFO] ServerAccessManage:474 - Download File crdb.zip
2023-04-17 14:27:09,729 [ERROR] LogOutputStream:74 - [STDERR_REDIRECT] SLF4J: Failed to load class "org.slf4j.impl.StaticLoggerBinder".
2023-04-17 14:27:09,731 [ERROR] LogOutputStream:74 - [STDERR_REDIRECT] SLF4J: Defaulting to no-operation (NOP) logger implementation
2023-04-17 14:27:09,732 [ERROR] LogOutputStream:74 - [STDERR_REDIRECT] SLF4J: See http://www.slf4j.org/codes.html#StaticLoggerBinder for further details.
2023-04-17 14:27:12,272 [WARN] MainUpdater:1184 - Updater busy. Cannot search thirdparties
2023-04-17 14:27:12,272 [INFO] ThirdPartyUpdaterWithRetryManager:96 - Updater plugin is busy. [6/15]
2023-04-17 14:27:15,284 [WARN] MainUpdater:1184 - Updater busy. Cannot search thirdparties
2023-04-17 14:27:15,284 [INFO] ThirdPartyUpdaterWithRetryManager:96 - Updater plugin is busy. [7/15]
2023-04-17 14:27:18,295 [WARN] MainUpdater:1184 - Updater busy. Cannot search thirdparties
2023-04-17 14:27:18,295 [INFO] ThirdPartyUpdaterWithRetryManager:96 - Updater plugin is busy. [8/15]
2023-04-17 14:27:20,308 [INFO] FileExtend:239 - Unzip File : crdb.zip
2023-04-17 14:27:20,309 [INFO] FileExtend:254 - Standard Zip Deflate
2023-04-17 14:27:20,449 [INFO] LoadUrlFilesThread:150 - End of LoadUrlFiles Thread
2023-04-17 14:27:20,584 [INFO] ServerAccessManage:474 - Download File tutoVideoDB.zip
2023-04-17 14:27:20,648 [INFO] FileExtend:239 - Unzip File : tutoVideoDB.zip
2023-04-17 14:27:20,648 [INFO] FileExtend:254 - Standard Zip Deflate
2023-04-17 14:27:20,770 [INFO] LoadUrlFilesThread:150 - End of LoadUrlFiles Thread
2023-04-17 14:27:20,782 [INFO] JxBrowserEngine:106 - Initiate JxBrowser Engine with user profile folder
2023-04-17 14:27:20,982 [ERROR] JxBrowserEngine:59 - Can't initiate JxBrowser engine com.teamdev.jxbrowser.engine.ChromiumBinariesExtractionException: Failed to extract Chromium binaries into C:\Users\Alif\.stm32cubemx\.jxbrowser\Chromium
2023-04-17 14:27:20,982 [WARN] DbFile:40 - Overriding database path with different value: C:\Users\Alif\.stmcufinder\plugins\mcufinder/ => C:\Users\Alif\.stmcufinder\plugins\mcufinder
2023-04-17 14:27:21,125 [INFO] ServerAccessManage:474 - Download File api_config.json
2023-04-17 14:27:21,243 [INFO] LoadUrlFilesThread:150 - End of LoadUrlFiles Thread
2023-04-17 14:27:21,244 [INFO] DbMcusAds:52 - JSON generation date=Tue Mar 07 15:50:55 ICT 2023 (1678179055335)
2023-04-17 14:27:21,263 [INFO] LoadUrlFilesThread:177 - End of LoadServerUrlFiles without Thread
2023-04-17 14:27:21,264 [INFO] TargetSelectorAdapter:228 - Refresh data is successful
2023-04-17 14:27:21,362 [INFO] ApiDb:576 - Connected to CubeFinder SQLite database (C:\Users\Alif\.stmcufinder\plugins\mcufinder\mcu\cube-finder-db.db)
2023-04-17 14:27:21,408 [INFO] ApiDb:663 - CubeFinder database Data Model version=2.1
2023-04-17 14:27:21,408 [INFO] ApiDb:664 - CubeFinder database Configuration version=3.0.35
2023-04-17 14:27:21,408 [INFO] ApiDb:665 - CubeFinder database generation date=2023-03-10 (1678456172)
2023-04-17 14:27:21,409 [INFO] ApiDb:666 - CubeFinder database FW Pack versions=[FP-ATR-ASTRA1_V1.1.1, STM32Cube_FW_C0_V1.0.1, STM32Cube_FW_F0_V1.11.4, STM32Cube_FW_F3_V1.11.4, STM32Cube_FW_F4_V1.27.1, STM32Cube_FW_F7_V1.17.0, STM32Cube_FW_G0_V1.6.1, STM32Cube_FW_G4_V1.5.1, STM32Cube_FW_H5_V0.5.1, STM32Cube_FW_H5_V1.0.0, STM32Cube_FW_H7_V1.11.0, STM32Cube_FW_L0_V1.12.2, STM32Cube_FW_L5_V1.5.0, STM32Cube_FW_U5_V1.2.0, STM32Cube_FW_WBA_V1.0.0, STM32Cube_FW_WBA_V1.0.0RC1, STM32Cube_FW_WBA_V1.0.0RC3, STM32Cube_FW_WB_V1.15.0RC1, STM32Cube_FW_WB_V1.16.0, STM32Cube_FW_WB_V1.16.0RC2, STM32Cube_FW_WL_V1.3.0, X-CUBE-ALGOBUILD_V1.3.0, X-CUBE-ALS_V1.0.1, X-CUBE-AZRTOS-F4_V1.1.0, X-CUBE-AZRTOS-F7_V1.1.0, X-CUBE-AZRTOS-G0_V1.1.0, X-CUBE-AZRTOS-G4_V1.0.0, X-CUBE-AZRTOS-H7_V3.0.0, X-CUBE-AZRTOS-L4_V1.0.0, X-CUBE-AZRTOS-L5_V1.1.0, X-CUBE-AZRTOS-WB_V1.1.0, X-CUBE-AZRTOS-WL_V1.0.0, X-CUBE-BLE1_V6.2.4, X-CUBE-BLE2_V3.3.0, X-CUBE-BLEMGR_V1.3.0, X-CUBE-EEPRMA1_V4.1.0, X-CUBE-GNSS1_V6.0.0, X-CUBE-MEMS1_V9.1.0, X-CUBE-MEMS1_V9.4.0, X-CUBE-MEMS1_V9.5.0, X-CUBE-NFC4_V3.0.0, X-CUBE-NFC7_V1.0.0, X-CUBE-SFXS2LP1_V4.0.0, X-CUBE-SUBG2_V5.0.0]
2023-04-17 14:27:21,445 [WARN] PackLoader:242 - Cannot read IP mode file for STMicroelectronics.X-CUBE-GNSS1.6.0.0
2023-04-17 14:27:21,491 [WARN] PackLoader:242 - Cannot read IP mode file for STMicroelectronics.X-CUBE-AZRTOS-F4.1.1.0
2023-04-17 14:27:21,520 [WARN] PackLoader:242 - Cannot read IP mode file for STMicroelectronics.X-CUBE-SMBUS.2.1.0
2023-04-17 14:27:21,627 [WARN] PackLoader:242 - Cannot read IP mode file for STMicroelectronics.X-CUBE-MEMS1.9.2.0
2023-04-17 14:27:21,807 [WARN] PackLoader:242 - Cannot read IP mode file for STMicroelectronics.X-CUBE-BLEMGR.1.2.0
2023-04-17 14:27:21,831 [WARN] PackLoader:242 - Cannot read IP mode file for STMicroelectronics.X-CUBE-AZRTOS-F7.1.1.0
2023-04-17 14:27:21,838 [WARN] PackLoader:242 - Cannot read IP mode file for STMicroelectronics.X-CUBE-AI.7.1.0
2023-04-17 14:27:21,845 [WARN] PackLoader:242 - Cannot read IP mode file for STMicroelectronics.X-CUBE-TOUCHGFX.4.19.1
2023-04-17 14:27:21,851 [WARN] PackLoader:242 - Cannot read IP mode file for STMicroelectronics.X-CUBE-BLE1.6.2.3
2023-04-17 14:27:21,856 [WARN] PackLoader:242 - Cannot read IP mode file for STMicroelectronics.X-CUBE-BLE1.6.2.4
2023-04-17 14:27:21,867 [WARN] PackLoader:242 - Cannot read IP mode file for STMicroelectronics.X-CUBE-BLEMGR.2.0.0
2023-04-17 14:27:21,876 [WARN] PackLoader:242 - Cannot read IP mode file for STMicroelectronics.X-CUBE-NFC4.2.0.5
2023-04-17 14:27:21,882 [WARN] PackLoader:242 - Cannot read IP mode file for STMicroelectronics.X-CUBE-NFC4.2.0.4
2023-04-17 14:27:21,890 [WARN] PackLoader:242 - Cannot read IP mode file for STMicroelectronics.X-CUBE-BLE2.3.2.2
2023-04-17 14:27:21,906 [WARN] ConditionMgr:437 - getConditionDescription Invalid condition id : UX DEVICE CLASS RTOS Condition cause : null
2023-04-17 14:27:21,906 [WARN] ConditionMgr:437 - getConditionDescription Invalid condition id : UX DEVICE CLASS RTOS Condition cause : null
2023-04-17 14:27:21,910 [WARN] PackLoader:242 - Cannot read IP mode file for STMicroelectronics.X-CUBE-AZRTOS-H7.3.1.0
2023-04-17 14:27:21,910 [WARN] ConditionMgr:1038 - genDependencies : Invalid condition id : UX DEVICE CLASS RTOS Condition cause : null
2023-04-17 14:27:21,911 [WARN] ConditionMgr:1038 - genDependencies : Invalid condition id : UX DEVICE CLASS RTOS Condition cause : null
2023-04-17 14:27:21,911 [WARN] ConditionMgr:1038 - genDependencies : Invalid condition id : UX DEVICE CLASS RTOS Condition cause : null
2023-04-17 14:27:21,912 [WARN] ConditionMgr:1038 - genDependencies : Invalid condition id : UX DEVICE CLASS RTOS Condition cause : null
2023-04-17 14:27:21,912 [WARN] ConditionMgr:1038 - genDependencies : Invalid condition id : UX DEVICE CLASS RTOS Condition cause : null
2023-04-17 14:27:21,923 [WARN] PackLoader:242 - Cannot read IP mode file for STMicroelectronics.X-CUBE-TOF1.3.1.0
2023-04-17 14:27:21,939 [WARN] PackLoader:242 - Cannot read IP mode file for STMicroelectronics.X-CUBE-SFXS2LP1.3.1.0
2023-04-17 14:27:21,953 [WARN] PackLoader:242 - Cannot read IP mode file for STMicroelectronics.X-CUBE-DISPLAY.3.0.0
2023-04-17 14:27:21,981 [WARN] PackLoader:242 - Cannot read IP mode file for STMicroelectronics.X-CUBE-AZRTOS-F4.1.0.0
2023-04-17 14:27:21,994 [WARN] PackLoader:242 - Cannot read IP mode file for STMicroelectronics.X-CUBE-NFC7.1.0.0
2023-04-17 14:27:22,046 [WARN] PackLoader:242 - Cannot read IP mode file for STMicroelectronics.X-CUBE-MEMS1.9.3.0
2023-04-17 14:27:22,184 [WARN] PackLoader:242 - Cannot read IP mode file for STMicroelectronics.X-CUBE-EEPRMA1.4.1.0
2023-04-17 14:27:22,190 [WARN] PackLoader:242 - Cannot read IP mode file for STMicroelectronics.X-CUBE-AI.7.2.0
2023-04-17 14:27:22,204 [WARN] PackLoader:242 - Cannot read IP mode file for STMicroelectronics.X-CUBE-AZRTOS-G0.1.0.0
2023-04-17 14:27:22,215 [WARN] PackLoader:242 - Cannot read IP mode file for WES.I-CUBE-Cesium.1.3.0
2023-04-17 14:27:22,223 [WARN] PackLoader:242 - Cannot read IP mode file for STMicroelectronics.X-CUBE-SFXS2LP1.4.0.0
2023-04-17 14:27:22,228 [WARN] PackLoader:242 - Cannot read IP mode file for STMicroelectronics.X-CUBE-BLE2.3.3.0
2023-04-17 14:27:22,233 [WARN] PackLoader:242 - Cannot read IP mode file for STMicroelectronics.X-CUBE-DISPLAY.2.2.0
2023-04-17 14:27:22,247 [WARN] PackLoader:242 - Cannot read IP mode file for STMicroelectronics.X-CUBE-TOF1.3.2.0
2023-04-17 14:27:22,275 [WARN] PackLoader:242 - Cannot read IP mode file for STMicroelectronics.X-CUBE-AZRTOS-H7.3.0.0
2023-04-17 14:27:22,283 [WARN] PackLoader:242 - Cannot read IP mode file for STMicroelectronics.X-CUBE-ISPU.1.0.0
2023-04-17 14:27:22,289 [WARN] PackLoader:242 - Cannot read IP mode file for STMicroelectronics.X-CUBE-ISPU.1.1.0
2023-04-17 14:27:22,300 [WARN] PackLoader:242 - Cannot read IP mode file for RoweBots.I-CUBE-UNISONRTOS.5.5.0-4
2023-04-17 14:27:22,327 [WARN] PackLoader:242 - Cannot read IP mode file for STMicroelectronics.X-CUBE-AZRTOS-H7.2.1.0
2023-04-17 14:27:22,336 [WARN] PackLoader:242 - Cannot read IP mode file for STMicroelectronics.X-CUBE-AI.8.0.0
2023-04-17 14:27:22,343 [WARN] PackLoader:242 - Cannot read IP mode file for STMicroelectronics.X-CUBE-FREERTOS.1.0.0
2023-04-17 14:27:22,348 [WARN] PackLoader:242 - Cannot read IP mode file for STMicroelectronics.X-CUBE-TOUCHGFX.4.21.1
2023-04-17 14:27:22,353 [WARN] PackLoader:242 - Cannot read IP mode file for STMicroelectronics.X-CUBE-TOUCHGFX.4.21.0
2023-04-17 14:27:22,357 [WARN] PackLoader:242 - Cannot read IP mode file for STMicroelectronics.X-CUBE-TOUCHGFX.4.21.3
2023-04-17 14:27:22,363 [WARN] PackLoader:242 - Cannot read IP mode file for STMicroelectronics.X-CUBE-BLEMGR.1.0.0
2023-04-17 14:27:22,434 [WARN] PackLoader:242 - Cannot read IP mode file for STMicroelectronics.X-CUBE-MEMS1.9.4.0
2023-04-17 14:27:22,623 [WARN] PackLoader:242 - Cannot read IP mode file for STMicroelectronics.X-CUBE-AI.7.3.0
2023-04-17 14:27:22,630 [WARN] PackLoader:242 - Cannot read IP mode file for STMicroelectronics.X-CUBE-ALGOBUILD.1.3.0
2023-04-17 14:27:22,646 [WARN] PackLoader:242 - Cannot read IP mode file for STMicroelectronics.X-CUBE-AZRTOS-L5.1.1.0
2023-04-17 14:27:22,660 [WARN] PackLoader:242 - Cannot read IP mode file for STMicroelectronics.X-CUBE-AZRTOS-G0.1.1.0
2023-04-17 14:27:22,673 [WARN] PackLoader:242 - Cannot read IP mode file for STMicroelectronics.X-CUBE-SUBG2.5.0.0
2023-04-17 14:27:22,683 [WARN] PackLoader:242 - Cannot read IP mode file for STMicroelectronics.X-CUBE-NFC4.3.0.0
2023-04-17 14:27:22,736 [WARN] PackLoader:242 - Cannot read IP mode file for SEGGER.I-CUBE-embOS.1.2.0
2023-04-17 14:27:22,796 [WARN] PackLoader:242 - Cannot read IP mode file for STMicroelectronics.X-CUBE-TOF1.3.3.0
2023-04-17 14:27:22,813 [WARN] PackLoader:242 - Cannot read IP mode file for STMicroelectronics.FP-ATR-ASTRA1.1.1.1
2023-04-17 14:27:22,819 [WARN] PackLoader:242 - Cannot read IP mode file for STMicroelectronics.FP-ATR-ASTRA1.1.1.0
2023-04-17 14:27:22,828 [WARN] PackLoader:242 - Cannot read IP mode file for STMicroelectronics.X-CUBE-BLEMGR.1.3.0
2023-04-17 14:27:22,851 [WARN] PackLoader:242 - Cannot read IP mode file for STMicroelectronics.X-CUBE-AZRTOS-G4.1.0.0
2023-04-17 14:27:22,858 [WARN] PackLoader:242 - Cannot read IP mode file for STMicroelectronics.FP-ATR-SIGFOX1.3.2.0
2023-04-17 14:27:22,864 [WARN] PackLoader:242 - Cannot read IP mode file for wolfSSL.I-CUBE-wolfSSL.5.3.0
2023-04-17 14:27:22,880 [WARN] PackLoader:242 - Cannot read IP mode file for STMicroelectronics.X-CUBE-AZRTOS-L4.1.0.0
2023-04-17 14:27:22,891 [WARN] PackLoader:242 - Cannot read IP mode file for emotas.I-CUBE-CANOPEN.1.1.2
2023-04-17 14:27:22,897 [WARN] PackLoader:242 - Cannot read IP mode file for STMicroelectronics.X-CUBE-TOUCHGFX.4.20.0
2023-04-17 14:27:22,913 [WARN] PackLoader:242 - Cannot read IP mode file for STMicroelectronics.X-CUBE-AZRTOS-F7.1.0.0
2023-04-17 14:27:22,928 [WARN] PackLoader:242 - Cannot read IP mode file for STMicroelectronics.X-CUBE-AZRTOS-WL.1.0.0
2023-04-17 14:27:22,937 [WARN] PackLoader:242 - Cannot read IP mode file for portGmbH.I-Cube-SoM-uGOAL.1.1.0
2023-04-17 14:27:22,943 [WARN] PackLoader:242 - Cannot read IP mode file for STMicroelectronics.X-CUBE-ALS.1.0.1
2023-04-17 14:27:22,981 [WARN] PackLoader:242 - Cannot read IP mode file for STMicroelectronics.X-CUBE-MEMS1.9.5.0
2023-04-17 14:27:23,127 [WARN] PackLoader:242 - Cannot read IP mode file for STMicroelectronics.X-CUBE-AZRTOS-WB.1.1.0
2023-04-17 14:27:23,158 [WARN] PackLoader:242 - Cannot read IP mode file for SEGGER.I-CUBE-embOS.1.3.1
2023-04-17 14:27:23,208 [WARN] PackLoader:242 - Cannot read IP mode file for STMicroelectronics.X-CUBE-AZRTOS-L5.1.0.0
2023-04-17 14:27:23,216 [WARN] PackLoader:242 - Cannot read IP mode file for STMicroelectronics.X-CUBE-EEPRMA1.3.1.1
2023-04-17 14:27:23,226 [WARN] PackLoader:242 - Cannot read IP mode file for STMicroelectronics.X-CUBE-GNSS1.5.2.0
2023-04-17 14:27:23,232 [WARN] PackLoader:242 - Cannot read IP mode file for STMicroelectronics.FP-ATR-ASTRA1.2.0.0
2023-04-17 14:27:23,241 [WARN] PackLoader:242 - Cannot read IP mode file for STMicroelectronics.X-CUBE-TOF1.3.0.0
2023-04-17 14:27:23,244 [INFO] ThirdParty:929 - Integrity check success = true
2023-04-17 14:27:23,244 [INFO] IntegrityCheckThread:98 - exiting critical section [integrity check]
2023-04-17 14:27:23,244 [INFO] IntegrityCheckThread:101 - End integrity checks thread
2023-04-17 14:27:23,697 [INFO] ApiDb:239 - Found 138 in-development CPN: [B-WB1M-WPAN1, NUCLEO-C031C6, STEVAL-STWINBX1, STM320518-EVAL, STM32C0116-DK, STM32C011D6Y3TR, STM32C011D6Y6TR, STM32C011F4P3, STM32C011F4P6, STM32C011F4U3, STM32C011F4U6TR, STM32C011F6P3, STM32C011F6P6, STM32C011F6U3, STM32C011F6U6TR, STM32C011J4M3, STM32C011J4M6, STM32C011J6M3, STM32C011J6M6, STM32C0316-DK, STM32C031C4T3, STM32C031C4T6, STM32C031C4U3, STM32C031C4U6, STM32C031C6T3, STM32C031C6T6, STM32C031C6U3, STM32C031C6U6, STM32C031F4P3, STM32C031F4P6, STM32C031F6P3, STM32C031F6P6, STM32C031G4U3, STM32C031G4U6, STM32C031G6U3, STM32C031G6U6, STM32C031K4T3, STM32C031K4T6, STM32C031K4U3, STM32C031K4U6, STM32C031K6T3, STM32C031K6T6, STM32C031K6U3, STM32C031K6U6, STM32G071K8TXN, STM32G071K8UXN, STM32G081GBU6N, STM32G081KBT6N, STM32G081KBUXN, STM32G0B1CCT6N, STM32G0B1KCT6, STM32G0B1NEY6TR, STM32G0B1RCT6N, STM32G0C1CCT6, STM32G0C1CCT6N, STM32G0C1CCU6N, STM32G0C1CET6N, STM32G0C1CEU6N, STM32G0C1KCT6, STM32G0C1NEY6TR, STM32G0C1RCI6N, STM32G0C1RCT6N, STM32G0C1REI6N, STM32G0C1RET6N, STM32G0C1VCI6, STM32G0C1VEI6, STM32G471CCT6, STM32G471CCU6, STM32G471CET3, STM32G471CET6, STM32G471CEU3, STM32G471CEU6, STM32G471MCT6, STM32G471MET3, STM32G471MET6, STM32G471MEY6TR, STM32G471QCT6, STM32G471QET3, STM32G471RCT6, STM32G471RET3, STM32G471RET6, STM32G471VCH6, STM32G471VCI6, STM32G471VCT6, STM32G471VEH3, STM32G471VEH6, STM32G471VEI3, STM32G471VEI6, STM32G471VET3, STM32G471VET6, STM32G474CCT6, STM32L476VGY6PTR, STM32L4R5QGI6STR, STM32MP131AAE3, STM32MP131AAF3, STM32MP131AAG3, STM32MP131CAE3, STM32MP131CAF3, STM32MP131CAG3, STM32MP131DAE7, STM32MP131DAF7, STM32MP131DAG7, STM32MP131FAE7, STM32MP131FAF7, STM32MP131FAG7, STM32MP133AAE3, STM32MP133AAF3, STM32MP133AAG3, STM32MP133CAE3, STM32MP133CAF3, STM32MP133CAG3, STM32MP133DAE7, STM32MP133DAF7, STM32MP133DAG7, STM32MP133FAE7, STM32MP133FAF7, STM32MP133FAG7, STM32MP135AAE3, STM32MP135AAF3, STM32MP135AAG3, STM32MP135CAE3, STM32MP135CAF3, STM32MP135CAG3, STM32MP135DAE7, STM32MP135DAF7, STM32MP135DAG7, STM32MP135F-DK, STM32MP135FAE7, STM32MP135FAF7, STM32MP135FAG7, STM32U595ZJT6Q, STM32U599BJY6QTR, STM32U599NIH6Q, STM32U599NJH6Q, STM32U5A5ZJT6Q, STM32U5A9BJY6QTR, STM32U5A9NJH6Q, STM32WB1MMCH6]
2023-04-17 14:27:23,705 [INFO] DbMcus:215 - Found 3678 MCUs, 3678 are supported
2023-04-17 14:27:23,709 [INFO] ApiDb:418 - Load user favorites file C:\Users\Alif/.stm32cubeide/favorites.mcus.txt: 0 item(s)
2023-04-17 14:27:23,709 [INFO] ApiDb:422 - User favorites MCUs=[]
2023-04-17 14:27:23,710 [INFO] DbMcus:221 - Set 0 / 0 favorites MCUs
2023-04-17 14:27:23,715 [INFO] ApiDb:663 - CubeFinder database Data Model version=2.1
2023-04-17 14:27:23,716 [INFO] ApiDb:664 - CubeFinder database Configuration version=3.0.35
2023-04-17 14:27:23,716 [INFO] ApiDb:665 - CubeFinder database generation date=2023-03-10 (1678456172)
2023-04-17 14:27:23,716 [INFO] ApiDb:666 - CubeFinder database FW Pack versions=[FP-ATR-ASTRA1_V1.1.1, STM32Cube_FW_C0_V1.0.1, STM32Cube_FW_F0_V1.11.4, STM32Cube_FW_F3_V1.11.4, STM32Cube_FW_F4_V1.27.1, STM32Cube_FW_F7_V1.17.0, STM32Cube_FW_G0_V1.6.1, STM32Cube_FW_G4_V1.5.1, STM32Cube_FW_H5_V0.5.1, STM32Cube_FW_H5_V1.0.0, STM32Cube_FW_H7_V1.11.0, STM32Cube_FW_L0_V1.12.2, STM32Cube_FW_L5_V1.5.0, STM32Cube_FW_U5_V1.2.0, STM32Cube_FW_WBA_V1.0.0, STM32Cube_FW_WBA_V1.0.0RC1, STM32Cube_FW_WBA_V1.0.0RC3, STM32Cube_FW_WB_V1.15.0RC1, STM32Cube_FW_WB_V1.16.0, STM32Cube_FW_WB_V1.16.0RC2, STM32Cube_FW_WL_V1.3.0, X-CUBE-ALGOBUILD_V1.3.0, X-CUBE-ALS_V1.0.1, X-CUBE-AZRTOS-F4_V1.1.0, X-CUBE-AZRTOS-F7_V1.1.0, X-CUBE-AZRTOS-G0_V1.1.0, X-CUBE-AZRTOS-G4_V1.0.0, X-CUBE-AZRTOS-H7_V3.0.0, X-CUBE-AZRTOS-L4_V1.0.0, X-CUBE-AZRTOS-L5_V1.1.0, X-CUBE-AZRTOS-WB_V1.1.0, X-CUBE-AZRTOS-WL_V1.0.0, X-CUBE-BLE1_V6.2.4, X-CUBE-BLE2_V3.3.0, X-CUBE-BLEMGR_V1.3.0, X-CUBE-EEPRMA1_V4.1.0, X-CUBE-GNSS1_V6.0.0, X-CUBE-MEMS1_V9.1.0, X-CUBE-MEMS1_V9.4.0, X-CUBE-MEMS1_V9.5.0, X-CUBE-NFC4_V3.0.0, X-CUBE-NFC7_V1.0.0, X-CUBE-SFXS2LP1_V4.0.0, X-CUBE-SUBG2_V5.0.0]
2023-04-17 14:27:23,763 [INFO] DbBoardsSqlite:227 - include board P-NUCLEO-WB55-NUCLEO as a kit item of type 'Nucleo-64'
2023-04-17 14:27:23,763 [INFO] DbBoardsSqlite:227 - include board P-NUCLEO-WB55-USBDONGLE as a kit item of type 'Nucleo USB Dongle'
2023-04-17 14:27:23,763 [INFO] DbBoardsSqlite:227 - include board STEVAL-IDP005V1 as a kit item of type 'Evaluation Board'
2023-04-17 14:27:23,763 [INFO] DbBoardsSqlite:227 - include board STEVAL-IDP005V2 as a kit item of type 'Evaluation Board'
2023-04-17 14:27:23,797 [INFO] ApiDb:239 - Found 138 in-development CPN: [B-WB1M-WPAN1, NUCLEO-C031C6, STEVAL-STWINBX1, STM320518-EVAL, STM32C0116-DK, STM32C011D6Y3TR, STM32C011D6Y6TR, STM32C011F4P3, STM32C011F4P6, STM32C011F4U3, STM32C011F4U6TR, STM32C011F6P3, STM32C011F6P6, STM32C011F6U3, STM32C011F6U6TR, STM32C011J4M3, STM32C011J4M6, STM32C011J6M3, STM32C011J6M6, STM32C0316-DK, STM32C031C4T3, STM32C031C4T6, STM32C031C4U3, STM32C031C4U6, STM32C031C6T3, STM32C031C6T6, STM32C031C6U3, STM32C031C6U6, STM32C031F4P3, STM32C031F4P6, STM32C031F6P3, STM32C031F6P6, STM32C031G4U3, STM32C031G4U6, STM32C031G6U3, STM32C031G6U6, STM32C031K4T3, STM32C031K4T6, STM32C031K4U3, STM32C031K4U6, STM32C031K6T3, STM32C031K6T6, STM32C031K6U3, STM32C031K6U6, STM32G071K8TXN, STM32G071K8UXN, STM32G081GBU6N, STM32G081KBT6N, STM32G081KBUXN, STM32G0B1CCT6N, STM32G0B1KCT6, STM32G0B1NEY6TR, STM32G0B1RCT6N, STM32G0C1CCT6, STM32G0C1CCT6N, STM32G0C1CCU6N, STM32G0C1CET6N, STM32G0C1CEU6N, STM32G0C1KCT6, STM32G0C1NEY6TR, STM32G0C1RCI6N, STM32G0C1RCT6N, STM32G0C1REI6N, STM32G0C1RET6N, STM32G0C1VCI6, STM32G0C1VEI6, STM32G471CCT6, STM32G471CCU6, STM32G471CET3, STM32G471CET6, STM32G471CEU3, STM32G471CEU6, STM32G471MCT6, STM32G471MET3, STM32G471MET6, STM32G471MEY6TR, STM32G471QCT6, STM32G471QET3, STM32G471RCT6, STM32G471RET3, STM32G471RET6, STM32G471VCH6, STM32G471VCI6, STM32G471VCT6, STM32G471VEH3, STM32G471VEH6, STM32G471VEI3, STM32G471VEI6, STM32G471VET3, STM32G471VET6, STM32G474CCT6, STM32L476VGY6PTR, STM32L4R5QGI6STR, STM32MP131AAE3, STM32MP131AAF3, STM32MP131AAG3, STM32MP131CAE3, STM32MP131CAF3, STM32MP131CAG3, STM32MP131DAE7, STM32MP131DAF7, STM32MP131DAG7, STM32MP131FAE7, STM32MP131FAF7, STM32MP131FAG7, STM32MP133AAE3, STM32MP133AAF3, STM32MP133AAG3, STM32MP133CAE3, STM32MP133CAF3, STM32MP133CAG3, STM32MP133DAE7, STM32MP133DAF7, STM32MP133DAG7, STM32MP133FAE7, STM32MP133FAF7, STM32MP133FAG7, STM32MP135AAE3, STM32MP135AAF3, STM32MP135AAG3, STM32MP135CAE3, STM32MP135CAF3, STM32MP135CAG3, STM32MP135DAE7, STM32MP135DAF7, STM32MP135DAG7, STM32MP135F-DK, STM32MP135FAE7, STM32MP135FAF7, STM32MP135FAG7, STM32U595ZJT6Q, STM32U599BJY6QTR, STM32U599NIH6Q, STM32U599NJH6Q, STM32U5A5ZJT6Q, STM32U5A9BJY6QTR, STM32U5A9NJH6Q, STM32WB1MMCH6]
2023-04-17 14:27:23,858 [INFO] BoardInfo:879 - No configuration file found for board P-NUCLEO-WB55
2023-04-17 14:27:23,859 [INFO] DbBoards:156 - Kit is not supported: P-NUCLEO-WB55
2023-04-17 14:27:23,863 [INFO] BoardInfo:879 - No configuration file found for board STEVAL-BFA001V1B
2023-04-17 14:27:23,863 [INFO] DbBoards:156 - Kit is not supported: STEVAL-BFA001V1B
2023-04-17 14:27:23,864 [INFO] BoardInfo:879 - No configuration file found for board STEVAL-BFA001V2B
2023-04-17 14:27:23,864 [INFO] DbBoards:156 - Kit is not supported: STEVAL-BFA001V2B
2023-04-17 14:27:23,866 [INFO] BoardInfo:879 - No configuration file found for board STEVAL-PROTEUS1
2023-04-17 14:27:23,866 [INFO] DbBoards:156 - Board is not supported: STEVAL-PROTEUS1
2023-04-17 14:27:23,939 [INFO] DbBoards:160 - Found 178 boards, 174 are supported
2023-04-17 14:27:23,945 [INFO] ApiDb:418 - Load user favorites file C:\Users\Alif/.stm32cubeide/favorites.boards.txt: 0 item(s)
2023-04-17 14:27:23,946 [INFO] ApiDb:422 - User favorites Boards=[]
2023-04-17 14:27:23,946 [INFO] DbBoards:189 - Set 0 / 0 favorites Boards
2023-04-17 14:27:23,948 [INFO] ApiDb:663 - CubeFinder database Data Model version=2.1
2023-04-17 14:27:23,948 [INFO] ApiDb:664 - CubeFinder database Configuration version=3.0.35
2023-04-17 14:27:23,948 [INFO] ApiDb:665 - CubeFinder database generation date=2023-03-10 (1678456172)
2023-04-17 14:27:23,948 [INFO] ApiDb:666 - CubeFinder database FW Pack versions=[FP-ATR-ASTRA1_V1.1.1, STM32Cube_FW_C0_V1.0.1, STM32Cube_FW_F0_V1.11.4, STM32Cube_FW_F3_V1.11.4, STM32Cube_FW_F4_V1.27.1, STM32Cube_FW_F7_V1.17.0, STM32Cube_FW_G0_V1.6.1, STM32Cube_FW_G4_V1.5.1, STM32Cube_FW_H5_V0.5.1, STM32Cube_FW_H5_V1.0.0, STM32Cube_FW_H7_V1.11.0, STM32Cube_FW_L0_V1.12.2, STM32Cube_FW_L5_V1.5.0, STM32Cube_FW_U5_V1.2.0, STM32Cube_FW_WBA_V1.0.0, STM32Cube_FW_WBA_V1.0.0RC1, STM32Cube_FW_WBA_V1.0.0RC3, STM32Cube_FW_WB_V1.15.0RC1, STM32Cube_FW_WB_V1.16.0, STM32Cube_FW_WB_V1.16.0RC2, STM32Cube_FW_WL_V1.3.0, X-CUBE-ALGOBUILD_V1.3.0, X-CUBE-ALS_V1.0.1, X-CUBE-AZRTOS-F4_V1.1.0, X-CUBE-AZRTOS-F7_V1.1.0, X-CUBE-AZRTOS-G0_V1.1.0, X-CUBE-AZRTOS-G4_V1.0.0, X-CUBE-AZRTOS-H7_V3.0.0, X-CUBE-AZRTOS-L4_V1.0.0, X-CUBE-AZRTOS-L5_V1.1.0, X-CUBE-AZRTOS-WB_V1.1.0, X-CUBE-AZRTOS-WL_V1.0.0, X-CUBE-BLE1_V6.2.4, X-CUBE-BLE2_V3.3.0, X-CUBE-BLEMGR_V1.3.0, X-CUBE-EEPRMA1_V4.1.0, X-CUBE-GNSS1_V6.0.0, X-CUBE-MEMS1_V9.1.0, X-CUBE-MEMS1_V9.4.0, X-CUBE-MEMS1_V9.5.0, X-CUBE-NFC4_V3.0.0, X-CUBE-NFC7_V1.0.0, X-CUBE-SFXS2LP1_V4.0.0, X-CUBE-SUBG2_V5.0.0]
2023-04-17 14:27:24,613 [INFO] DbExamplesSqlite:374 - Ignored 46 examples not supported by CubeIDE
2023-04-17 14:27:24,613 [INFO] DbExamplesSqlite:375 - Found 7328 examples active
2023-04-17 14:27:24,614 [INFO] DbExamplesSqlite:376 - Found 1095 examples obsolete
2023-04-17 14:27:24,614 [INFO] DbExamplesSqlite:377 - Found 0 examples under development
2023-04-17 14:27:24,614 [INFO] DbExamplesSqlite:378 - Found 77 examples not building
2023-04-17 14:27:24,615 [INFO] DbExamples:124 - Found 7359 examples
2023-04-17 14:27:24,671 [ERROR] DbExamples:207 - Found 512 examples with invalid data (board or MCU)
2023-04-17 14:27:24,672 [INFO] DbExamples:221 - Found 84 boards with related examples
2023-04-17 14:27:24,673 [INFO] DbExamples:234 - Found 75 MCUs with related examples
2023-04-17 14:27:24,693 [INFO] ApiDb:418 - Load user favorites file C:\Users\Alif/.stm32cubeide/favorites.examples.txt: 0 item(s)
2023-04-17 14:27:24,694 [INFO] ApiDb:422 - User favorites Examples=[]
2023-04-17 14:27:24,694 [INFO] DbExamples:249 - Set 0 / 0 favorites Examples
2023-04-17 14:27:24,798 [INFO] McuFinderGlobals:57 - Set McuFinderConnectedMode to true
2023-04-17 14:27:24,805 [INFO] MultiScanPanel:195 - Auto-refresh data requested => check proxy status ongoing
2023-04-17 14:27:24,808 [INFO] FinderPluginLoader:92 - Searching for filters in installed packs
2023-04-17 14:27:26,006 [INFO] LoadUrlFilesThread:177 - End of LoadServerUrlFiles without Thread
2023-04-17 14:27:26,014 [INFO] DetailPanel:339 - Set advertising image to C:/Users/Alif/STM32Cube/Repository/\en.prom-stm32h5-mcu-finder.jpg
2023-04-17 14:28:18,118 [INFO] MainUpdater:2768 - connection check result : 10
2023-04-17 14:28:18,119 [INFO] MainUpdater:2768 - connection check result : 10
2023-04-17 14:28:18,142 [INFO] MicroXplorer:451 - Change Database Path : 
2023-04-17 14:28:18,142 [INFO] MicroXplorer:481 - Change Database Version : DB.6.0.60
2023-04-17 14:28:18,143 [WARN] ThirdParty:827 - waiting for thirdparty lock release [close project]
2023-04-17 14:28:18,143 [INFO] ThirdParty:829 - entering critical section [close project]
2023-04-17 14:28:18,143 [INFO] ThirdParty:839 - exiting critical section [close project]
2023-04-17 14:28:18,147 [INFO] PinOutPanel:1468 - setPackage(No Configuration,No Configuration)
2023-04-17 14:28:18,153 [INFO] UtilMem:74 - Begin LoadConfig() Used Memory: 225766896 Bytes (357564416)
2023-04-17 14:28:18,155 [INFO] MicroXplorer:451 - Change Database Path : 
2023-04-17 14:28:18,155 [INFO] MicroXplorer:481 - Change Database Version : DB.6.0.60
2023-04-17 14:28:18,155 [INFO] OpenFileManager:307 - Change cursor
2023-04-17 14:28:18,182 [INFO] Mcu:1922 - Initializing MCU STM32F103C8Tx STM32F103C8Tx 
2023-04-17 14:28:18,183 [INFO] Mcu:1935 - No CPN specified => set CPN to STM32F103C8T6
2023-04-17 14:28:18,749 [INFO] Context:654 - Trying to add GPIOservice into a context  which must be forbidden
2023-04-17 14:28:18,915 [INFO] ImportTextPane:193 - (OptionalMessage_ERROR) Unable to find key (Mcu.ThirdPartyNb) in loaded IOC file
2023-04-17 14:28:18,915 [INFO] ImportTextPane:193 - (OptionalMessage_ERROR) Unable to find key (Mcu.PinsNb) in loaded IOC file
2023-04-17 14:28:18,915 [INFO] ImportTextPane:193 - (OptionalMessage_ERROR) Unable to find key (Mcu.IPNb) in loaded IOC file
2023-04-17 14:28:18,980 [WARN] ApiManager:308 - Cannot register API 'Board Extension:GNSS1A1' from pack STMicroelectronics.X-CUBE-GNSS1.6.0.0: no header file found
2023-04-17 14:28:18,981 [WARN] ApiManager:308 - Cannot register API 'Board Support:Custom' from pack STMicroelectronics.X-CUBE-GNSS1.6.0.0: no header file found
2023-04-17 14:28:18,981 [WARN] ApiManager:308 - Cannot register API 'Data Exchange:lib_gnss' from pack STMicroelectronics.X-CUBE-GNSS1.6.0.0: no header file found
2023-04-17 14:28:19,070 [WARN] ApiManager:308 - Cannot register API 'Board Extension:IKS01A3' from pack STMicroelectronics.X-CUBE-MEMS1.9.2.0: no header file found
2023-04-17 14:28:19,070 [WARN] ApiManager:308 - Cannot register API 'Board Extension:IKS01A2' from pack STMicroelectronics.X-CUBE-MEMS1.9.2.0: no header file found
2023-04-17 14:28:19,070 [WARN] ApiManager:308 - Cannot register API 'Board Extension:IKS02A1' from pack STMicroelectronics.X-CUBE-MEMS1.9.2.0: no header file found
2023-04-17 14:28:19,127 [WARN] ApiManager:308 - Cannot register API 'Board Extension:IKS01A3' from pack STMicroelectronics.X-CUBE-MEMS1.9.4.0: no header file found
2023-04-17 14:28:19,127 [WARN] ApiManager:308 - Cannot register API 'Board Extension:IKS01A2' from pack STMicroelectronics.X-CUBE-MEMS1.9.4.0: no header file found
2023-04-17 14:28:19,127 [WARN] ApiManager:308 - Cannot register API 'Board Extension:IKS02A1' from pack STMicroelectronics.X-CUBE-MEMS1.9.4.0: no header file found
2023-04-17 14:28:19,135 [WARN] ApiManager:308 - Cannot register API 'Wireless:BlueNRG-MS' from pack STMicroelectronics.X-CUBE-BLE1.6.2.3: no header file found
2023-04-17 14:28:19,136 [WARN] ApiManager:308 - Cannot register API 'Wireless:BlueNRG-MS' from pack STMicroelectronics.X-CUBE-BLE1.6.2.4: no header file found
2023-04-17 14:28:19,140 [INFO] RtosManager:488 - Registered RTOS mode: class=CMSIS, group=RTOS, mode=CMSIS_V1, owner=FREERTOS
2023-04-17 14:28:19,140 [INFO] RtosManager:488 - Registered RTOS mode: class=CMSIS, group=RTOS2, mode=CMSIS_V2, owner=FREERTOS
2023-04-17 14:28:19,140 [INFO] RtosManager:488 - Registered RTOS mode: class=RTOS, group=Core, mode=CMSIS_V1, owner=FREERTOS
2023-04-17 14:28:19,140 [INFO] RtosManager:488 - Registered RTOS mode: class=RTOS, group=Core, mode=CMSIS_V2, owner=FREERTOS
2023-04-17 14:28:19,141 [WARN] ModelIntegratedComponent:185 - Missing modes for component STMicroelectronics:FreeRTOS:0.0.1:STMicroelectronics:RTOS:FreeRTOS:Core:::10.2.0:
2023-04-17 14:28:19,143 [WARN] ApiManager:308 - Cannot register API 'Board Extension:S2868A1' from pack STMicroelectronics.X-CUBE-SUBG2.5.0.0: no header file found
2023-04-17 14:28:19,143 [WARN] ApiManager:308 - Cannot register API 'Board Extension:S2868A2' from pack STMicroelectronics.X-CUBE-SUBG2.5.0.0: no header file found
2023-04-17 14:28:19,143 [WARN] ApiManager:308 - Cannot register API 'Board Extension:S2915A1' from pack STMicroelectronics.X-CUBE-SUBG2.5.0.0: no header file found
2023-04-17 14:28:19,144 [WARN] ApiManager:308 - Cannot register API 'Board Extension:NFC04A1' from pack STMicroelectronics.X-CUBE-NFC4.3.0.0: no header file found
2023-04-17 14:28:19,146 [WARN] ApiManager:308 - Cannot register API 'Board Extension:NFC04A1' from pack STMicroelectronics.X-CUBE-NFC4.2.0.5: no header file found
2023-04-17 14:28:19,146 [WARN] ApiManager:308 - Cannot register API 'Board Extension:NFC04A1' from pack STMicroelectronics.X-CUBE-NFC4.2.0.4: no header file found
2023-04-17 14:28:19,146 [WARN] ApiManager:308 - Cannot register API 'Wireless:BlueNRG-2' from pack STMicroelectronics.X-CUBE-BLE2.3.2.2: no header file found
2023-04-17 14:28:19,151 [WARN] ApiManager:308 - Cannot register API 'Board Extension:S2868A1' from pack STMicroelectronics.X-CUBE-SFXS2LP1.3.1.0: no header file found
2023-04-17 14:28:19,151 [WARN] ApiManager:308 - Cannot register API 'Board Extension:S2868A2' from pack STMicroelectronics.X-CUBE-SFXS2LP1.3.1.0: no header file found
2023-04-17 14:28:19,151 [WARN] ApiManager:308 - Cannot register API 'Board Extension:S2915A1' from pack STMicroelectronics.X-CUBE-SFXS2LP1.3.1.0: no header file found
2023-04-17 14:28:19,160 [WARN] ModelIntegratedComponent:64 - No mode defined for component null
2023-04-17 14:28:19,160 [WARN] ModelIntegratedComponent:64 - No mode defined for component null
2023-04-17 14:28:19,160 [WARN] ModelIntegratedComponent:64 - No mode defined for component null
2023-04-17 14:28:19,160 [WARN] ModelIntegratedComponent:64 - No mode defined for component null
2023-04-17 14:28:19,160 [WARN] ModelIntegratedComponent:64 - No mode defined for component null
2023-04-17 14:28:19,160 [WARN] ModelIntegratedComponent:64 - No mode defined for component null
2023-04-17 14:28:19,160 [WARN] ModelIntegratedComponent:64 - No mode defined for component null
2023-04-17 14:28:19,160 [WARN] ModelIntegratedComponent:64 - No mode defined for component null
2023-04-17 14:28:19,160 [WARN] ModelIntegratedComponent:64 - No mode defined for component null
2023-04-17 14:28:19,160 [WARN] ModelIntegratedComponent:64 - No mode defined for component null
2023-04-17 14:28:19,160 [WARN] ModelIntegratedComponent:64 - No mode defined for component null
2023-04-17 14:28:19,160 [WARN] ModelIntegratedComponent:64 - No mode defined for component null
2023-04-17 14:28:19,160 [WARN] ModelIntegratedComponent:64 - No mode defined for component null
2023-04-17 14:28:19,160 [WARN] ModelIntegratedComponent:64 - No mode defined for component null
2023-04-17 14:28:19,160 [WARN] ModelIntegratedComponent:64 - No mode defined for component null
2023-04-17 14:28:19,160 [WARN] ModelIntegratedComponent:64 - No mode defined for component null
2023-04-17 14:28:19,160 [WARN] ModelIntegratedComponent:64 - No mode defined for component null
2023-04-17 14:28:19,160 [WARN] ModelIntegratedComponent:64 - No mode defined for component null
2023-04-17 14:28:19,160 [WARN] ModelIntegratedComponent:64 - No mode defined for component null
2023-04-17 14:28:19,160 [WARN] ModelIntegratedComponent:64 - No mode defined for component null
2023-04-17 14:28:19,160 [WARN] ModelIntegratedComponent:64 - No mode defined for component null
2023-04-17 14:28:19,160 [WARN] ModelIntegratedComponent:64 - No mode defined for component null
2023-04-17 14:28:19,160 [WARN] ModelIntegratedComponent:64 - No mode defined for component null
2023-04-17 14:28:19,160 [WARN] ModelIntegratedComponent:64 - No mode defined for component null
2023-04-17 14:28:19,160 [WARN] ModelIntegratedComponent:64 - No mode defined for component null
2023-04-17 14:28:19,160 [WARN] ModelIntegratedComponent:64 - No mode defined for component null
2023-04-17 14:28:19,160 [WARN] ModelIntegratedComponent:64 - No mode defined for component null
2023-04-17 14:28:19,160 [WARN] ModelIntegratedComponent:64 - No mode defined for component null
2023-04-17 14:28:19,160 [WARN] ModelIntegratedComponent:64 - No mode defined for component null
2023-04-17 14:28:19,160 [WARN] ModelIntegratedComponent:64 - No mode defined for component null
2023-04-17 14:28:19,160 [WARN] ModelIntegratedComponent:64 - No mode defined for component null
2023-04-17 14:28:19,160 [WARN] ModelIntegratedComponent:64 - No mode defined for component null
2023-04-17 14:28:19,160 [WARN] ModelIntegratedComponent:64 - No mode defined for component null
2023-04-17 14:28:19,161 [WARN] ApiManager:308 - Cannot register API 'Board Extension:NFC07A1' from pack STMicroelectronics.X-CUBE-NFC7.1.0.0: no header file found
2023-04-17 14:28:19,240 [WARN] ApiManager:308 - Cannot register API 'Board Extension:IKS01A3' from pack STMicroelectronics.X-CUBE-MEMS1.9.3.0: no header file found
2023-04-17 14:28:19,240 [WARN] ApiManager:308 - Cannot register API 'Board Extension:IKS01A2' from pack STMicroelectronics.X-CUBE-MEMS1.9.3.0: no header file found
2023-04-17 14:28:19,240 [WARN] ApiManager:308 - Cannot register API 'Board Extension:IKS02A1' from pack STMicroelectronics.X-CUBE-MEMS1.9.3.0: no header file found
2023-04-17 14:28:19,243 [WARN] ApiManager:308 - Cannot register API 'Board Extension:EEPRMA1' from pack STMicroelectronics.X-CUBE-EEPRMA1.4.1.0: no header file found
2023-04-17 14:28:19,243 [WARN] ApiManager:308 - Cannot register API 'Board Extension:EEPRMA2' from pack STMicroelectronics.X-CUBE-EEPRMA1.4.1.0: no header file found
2023-04-17 14:28:19,243 [WARN] ApiManager:308 - Cannot register API 'Board Extension:PGEEZ1' from pack STMicroelectronics.X-CUBE-EEPRMA1.4.1.0: no header file found
2023-04-17 14:28:19,243 [WARN] ApiManager:308 - Cannot register API 'Board Part:M24' from pack STMicroelectronics.X-CUBE-EEPRMA1.4.1.0: no header file found
2023-04-17 14:28:19,243 [WARN] ApiManager:308 - Cannot register API 'Board Part:M95' from pack STMicroelectronics.X-CUBE-EEPRMA1.4.1.0: no header file found
2023-04-17 14:28:19,243 [WARN] ApiManager:308 - Cannot register API 'Board Part:M95P32' from pack STMicroelectronics.X-CUBE-EEPRMA1.4.1.0: no header file found
2023-04-17 14:28:19,243 [WARN] ApiManager:308 - Cannot register API 'PGEEZ1:SPI' from pack STMicroelectronics.X-CUBE-EEPRMA1.4.1.0: no header file found
2023-04-17 14:28:19,243 [WARN] ApiManager:308 - Cannot register API 'PGEEZ1:QDSPI' from pack STMicroelectronics.X-CUBE-EEPRMA1.4.1.0: no header file found
2023-04-17 14:28:19,332 [WARN] ApiManager:308 - Cannot register API 'Board Extension:IKS01A3' from pack STMicroelectronics.X-CUBE-MEMS1.9.5.0: no header file found
2023-04-17 14:28:19,332 [WARN] ApiManager:308 - Cannot register API 'Board Extension:IKS01A2' from pack STMicroelectronics.X-CUBE-MEMS1.9.5.0: no header file found
2023-04-17 14:28:19,332 [WARN] ApiManager:308 - Cannot register API 'Board Extension:IKS02A1' from pack STMicroelectronics.X-CUBE-MEMS1.9.5.0: no header file found
2023-04-17 14:28:19,336 [WARN] ApiManager:308 - Cannot register API 'Board Extension:EEPRMA1' from pack STMicroelectronics.X-CUBE-EEPRMA1.3.1.1: no header file found
2023-04-17 14:28:19,336 [WARN] ApiManager:308 - Cannot register API 'Board Extension:EEPRMA2' from pack STMicroelectronics.X-CUBE-EEPRMA1.3.1.1: no header file found
2023-04-17 14:28:19,336 [WARN] ApiManager:308 - Cannot register API 'Board Extension:GNSS1A1' from pack STMicroelectronics.X-CUBE-GNSS1.5.2.0: no header file found
2023-04-17 14:28:19,337 [WARN] ApiManager:308 - Cannot register API 'Board Support:Custom' from pack STMicroelectronics.X-CUBE-GNSS1.5.2.0: no header file found
2023-04-17 14:28:19,337 [WARN] ApiManager:308 - Cannot register API 'Data Exchange:lib_gnss' from pack STMicroelectronics.X-CUBE-GNSS1.5.2.0: no header file found
2023-04-17 14:28:19,338 [WARN] ApiManager:308 - Cannot register API 'Board Extension:S2868A1' from pack STMicroelectronics.X-CUBE-SFXS2LP1.4.0.0: no header file found
2023-04-17 14:28:19,338 [WARN] ApiManager:308 - Cannot register API 'Board Extension:S2868A2' from pack STMicroelectronics.X-CUBE-SFXS2LP1.4.0.0: no header file found
2023-04-17 14:28:19,338 [WARN] ApiManager:308 - Cannot register API 'Board Extension:S2915A1' from pack STMicroelectronics.X-CUBE-SFXS2LP1.4.0.0: no header file found
2023-04-17 14:28:19,338 [WARN] ApiManager:308 - Cannot register API 'Wireless:BlueNRG-2' from pack STMicroelectronics.X-CUBE-BLE2.3.3.0: no header file found
2023-04-17 14:28:19,351 [INFO] ThirdPartyModel:289 - Start build external matchings
2023-04-17 14:28:20,545 [INFO] ThirdPartyModel:302 - End build external matchings
2023-04-17 14:28:20,789 [INFO] UtilMem:74 - End LoadConfig() Used Memory: 248703792 Bytes (357564416)
2023-04-17 14:28:20,803 [WARN] ThirdParty:789 - waiting for thirdparty lock release [change project]
2023-04-17 14:28:20,804 [INFO] ThirdParty:791 - entering critical section [change project]
2023-04-17 14:28:20,804 [INFO] ThirdParty:981 - CMSIS Pack Vendor :STMicroelectronics X-CUBE-ISPU 1.1.0
2023-04-17 14:28:20,804 [INFO] ThirdParty:981 - CMSIS Pack Vendor :RoweBots I-CUBE-UNISONRTOS 5.5.0-4
2023-04-17 14:28:20,804 [INFO] ThirdParty:981 - CMSIS Pack Vendor :STMicroelectronics X-CUBE-GNSS1 6.0.0
2023-04-17 14:28:20,804 [INFO] ThirdParty:981 - CMSIS Pack Vendor :STMicroelectronics X-CUBE-AZRTOS-H7 2.1.0
2023-04-17 14:28:20,804 [INFO] ThirdParty:981 - CMSIS Pack Vendor :STMicroelectronics USB_HOST 2.0.0
2023-04-17 14:28:20,804 [INFO] ThirdParty:981 - CMSIS Pack Vendor :STMicroelectronics X-CUBE-AZRTOS-F4 1.1.0
2023-04-17 14:28:20,804 [INFO] ThirdParty:981 - CMSIS Pack Vendor :STMicroelectronics LIBJPEG 8.0.0
2023-04-17 14:28:20,804 [INFO] ThirdParty:981 - CMSIS Pack Vendor :STMicroelectronics X-CUBE-SMBUS 2.1.0
2023-04-17 14:28:20,804 [INFO] ThirdParty:981 - CMSIS Pack Vendor :STMicroelectronics USB_DEVICE 3.0.0
2023-04-17 14:28:20,804 [INFO] ThirdParty:981 - CMSIS Pack Vendor :STMicroelectronics X-CUBE-AI 8.0.0
2023-04-17 14:28:20,804 [INFO] ThirdParty:981 - CMSIS Pack Vendor :STMicroelectronics X-CUBE-FREERTOS 1.0.0
2023-04-17 14:28:20,804 [INFO] ThirdParty:981 - CMSIS Pack Vendor :STMicroelectronics X-CUBE-TOUCHGFX 4.21.1
2023-04-17 14:28:20,804 [INFO] ThirdParty:981 - CMSIS Pack Vendor :STMicroelectronics X-CUBE-TOUCHGFX 4.21.0
2023-04-17 14:28:20,804 [INFO] ThirdParty:981 - CMSIS Pack Vendor :STMicroelectronics X-CUBE-TOUCHGFX 4.21.3
2023-04-17 14:28:20,804 [INFO] ThirdParty:981 - CMSIS Pack Vendor :STMicroelectronics X-CUBE-BLEMGR 1.0.0
2023-04-17 14:28:20,804 [INFO] ThirdParty:981 - CMSIS Pack Vendor :STMicroelectronics X-CUBE-MEMS1 9.2.0
2023-04-17 14:28:20,804 [INFO] ThirdParty:981 - CMSIS Pack Vendor :STMicroelectronics X-CUBE-BLEMGR 1.2.0
2023-04-17 14:28:20,804 [INFO] ThirdParty:981 - CMSIS Pack Vendor :STMicroelectronics X-CUBE-AZRTOS-F7 1.1.0
2023-04-17 14:28:20,804 [INFO] ThirdParty:981 - CMSIS Pack Vendor :STMicroelectronics X-CUBE-MEMS1 9.4.0
2023-04-17 14:28:20,804 [INFO] ThirdParty:981 - CMSIS Pack Vendor :STMicroelectronics USB_DEVICE 2.0.0
2023-04-17 14:28:20,804 [INFO] ThirdParty:981 - CMSIS Pack Vendor :STMicroelectronics X-CUBE-AI 7.3.0
2023-04-17 14:28:20,805 [INFO] ThirdParty:981 - CMSIS Pack Vendor :STMicroelectronics X-CUBE-AI 7.1.0
2023-04-17 14:28:20,806 [INFO] ThirdParty:981 - CMSIS Pack Vendor :STMicroelectronics X-CUBE-TOUCHGFX 4.19.1
2023-04-17 14:28:20,806 [INFO] ThirdParty:981 - CMSIS Pack Vendor :STMicroelectronics X-CUBE-BLE1 6.2.3
2023-04-17 14:28:20,808 [INFO] ThirdParty:981 - CMSIS Pack Vendor :STMicroelectronics X-CUBE-ALGOBUILD 1.3.0
2023-04-17 14:28:20,808 [INFO] ThirdParty:981 - CMSIS Pack Vendor :STMicroelectronics X-CUBE-BLE1 6.2.4
2023-04-17 14:28:20,808 [INFO] ThirdParty:981 - CMSIS Pack Vendor :STMicroelectronics X-CUBE-AZRTOS-L5 1.1.0
2023-04-17 14:28:20,808 [INFO] ThirdParty:981 - CMSIS Pack Vendor :STMicroelectronics FreeRTOS 0.0.1
2023-04-17 14:28:20,808 [INFO] ThirdParty:981 - CMSIS Pack Vendor :STMicroelectronics X-CUBE-AZRTOS-G0 1.1.0
2023-04-17 14:28:20,809 [INFO] ThirdParty:981 - CMSIS Pack Vendor :STMicroelectronics X-CUBE-BLEMGR 2.0.0
2023-04-17 14:28:20,809 [INFO] ThirdParty:981 - CMSIS Pack Vendor :STMicroelectronics X-CUBE-SUBG2 5.0.0
2023-04-17 14:28:20,809 [INFO] ThirdParty:981 - CMSIS Pack Vendor :STMicroelectronics X-CUBE-NFC4 3.0.0
2023-04-17 14:28:20,809 [INFO] ThirdParty:981 - CMSIS Pack Vendor :SEGGER I-CUBE-embOS 1.2.0
2023-04-17 14:28:20,809 [INFO] ThirdParty:981 - CMSIS Pack Vendor :STMicroelectronics STM32_WPAN 1.0.0
2023-04-17 14:28:20,809 [INFO] ThirdParty:981 - CMSIS Pack Vendor :STMicroelectronics lwIP 2.0.3
2023-04-17 14:28:20,809 [INFO] ThirdParty:981 - CMSIS Pack Vendor :STMicroelectronics X-CUBE-NFC4 2.0.5
2023-04-17 14:28:20,809 [INFO] ThirdParty:981 - CMSIS Pack Vendor :STMicroelectronics X-CUBE-NFC4 2.0.4
2023-04-17 14:28:20,809 [INFO] ThirdParty:981 - CMSIS Pack Vendor :STMicroelectronics X-CUBE-BLE2 3.2.2
2023-04-17 14:28:20,809 [INFO] ThirdParty:981 - CMSIS Pack Vendor :STMicroelectronics USB_HOST 1.0.0
2023-04-17 14:28:20,809 [INFO] ThirdParty:981 - CMSIS Pack Vendor :STMicroelectronics PDM2PCM 3.1.0
2023-04-17 14:28:20,809 [INFO] ThirdParty:981 - CMSIS Pack Vendor :STMicroelectronics X-CUBE-AZRTOS-H7 3.1.0
2023-04-17 14:28:20,809 [INFO] ThirdParty:981 - CMSIS Pack Vendor :STMicroelectronics X-CUBE-TOF1 3.3.0
2023-04-17 14:28:20,809 [INFO] ThirdParty:981 - CMSIS Pack Vendor :STMicroelectronics FP-ATR-ASTRA1 1.1.1
2023-04-17 14:28:20,809 [INFO] ThirdParty:981 - CMSIS Pack Vendor :STMicroelectronics PDM2PCM 3.3.0
2023-04-17 14:28:20,809 [INFO] ThirdParty:981 - CMSIS Pack Vendor :STMicroelectronics X-CUBE-TOF1 3.1.0
2023-04-17 14:28:20,809 [INFO] ThirdParty:981 - CMSIS Pack Vendor :STMicroelectronics X-CUBE-SFXS2LP1 3.1.0
2023-04-17 14:28:20,809 [INFO] ThirdParty:981 - CMSIS Pack Vendor :STMicroelectronics FP-ATR-ASTRA1 1.1.0
2023-04-17 14:28:20,809 [INFO] ThirdParty:981 - CMSIS Pack Vendor :STMicroelectronics X-CUBE-DISPLAY 3.0.0
2023-04-17 14:28:20,809 [INFO] ThirdParty:981 - CMSIS Pack Vendor :STMicroelectronics X-CUBE-BLEMGR 1.3.0
2023-04-17 14:28:20,809 [INFO] ThirdParty:981 - CMSIS Pack Vendor :STMicroelectronics X-CUBE-AZRTOS-F4 1.0.0
2023-04-17 14:28:20,809 [INFO] ThirdParty:981 - CMSIS Pack Vendor :STMicroelectronics X-CUBE-AZRTOS-G4 1.0.0
2023-04-17 14:28:20,809 [INFO] ThirdParty:981 - CMSIS Pack Vendor :STMicroelectronics FP-ATR-SIGFOX1 3.2.0
2023-04-17 14:28:20,809 [INFO] ThirdParty:981 - CMSIS Pack Vendor :wolfSSL I-CUBE-wolfSSL 5.3.0
2023-04-17 14:28:20,809 [INFO] ThirdParty:981 - CMSIS Pack Vendor :STMicroelectronics X-CUBE-AZRTOS-L4 1.0.0
2023-04-17 14:28:20,809 [INFO] ThirdParty:981 - CMSIS Pack Vendor :STMicroelectronics HAL Drivers 0.0.0
2023-04-17 14:28:20,809 [INFO] ThirdParty:981 - CMSIS Pack Vendor :STMicroelectronics MBEDTLS 2.16.2
2023-04-17 14:28:20,809 [INFO] ThirdParty:981 - CMSIS Pack Vendor :emotas I-CUBE-CANOPEN 1.1.2
2023-04-17 14:28:20,809 [INFO] ThirdParty:981 - CMSIS Pack Vendor :STMicroelectronics X-CUBE-TOUCHGFX 4.20.0
2023-04-17 14:28:20,809 [INFO] ThirdParty:981 - CMSIS Pack Vendor :STMicroelectronics MBEDTLS 2.14.1
2023-04-17 14:28:20,809 [INFO] ThirdParty:981 - CMSIS Pack Vendor :STMicroelectronics X-CUBE-NFC7 1.0.0
2023-04-17 14:28:20,809 [INFO] ThirdParty:981 - CMSIS Pack Vendor :STMicroelectronics X-CUBE-AZRTOS-F7 1.0.0
2023-04-17 14:28:20,809 [INFO] ThirdParty:981 - CMSIS Pack Vendor :STMicroelectronics X-CUBE-AZRTOS-WL 1.0.0
2023-04-17 14:28:20,809 [INFO] ThirdParty:981 - CMSIS Pack Vendor :STMicroelectronics X-CUBE-MEMS1 9.3.0
2023-04-17 14:28:20,810 [INFO] ThirdParty:981 - CMSIS Pack Vendor :STMicroelectronics X-CUBE-EEPRMA1 4.1.0
2023-04-17 14:28:20,810 [INFO] ThirdParty:981 - CMSIS Pack Vendor :portGmbH I-Cube-SoM-uGOAL 1.1.0
2023-04-17 14:28:20,810 [INFO] ThirdParty:981 - CMSIS Pack Vendor :STMicroelectronics X-CUBE-ALS 1.0.1
2023-04-17 14:28:20,810 [INFO] ThirdParty:981 - CMSIS Pack Vendor :STMicroelectronics X-CUBE-AI 7.2.0
2023-04-17 14:28:20,810 [INFO] ThirdParty:981 - CMSIS Pack Vendor :STMicroelectronics X-CUBE-MEMS1 9.5.0
2023-04-17 14:28:20,810 [INFO] ThirdParty:981 - CMSIS Pack Vendor :STMicroelectronics ThreadX 1.0.0
2023-04-17 14:28:20,810 [INFO] ThirdParty:981 - CMSIS Pack Vendor :STMicroelectronics X-CUBE-AZRTOS-WB 1.1.0
2023-04-17 14:28:20,810 [INFO] ThirdParty:981 - CMSIS Pack Vendor :SEGGER I-CUBE-embOS 1.3.1
2023-04-17 14:28:20,810 [INFO] ThirdParty:981 - CMSIS Pack Vendor :STMicroelectronics X-CUBE-AZRTOS-L5 1.0.0
2023-04-17 14:28:20,810 [INFO] ThirdParty:981 - CMSIS Pack Vendor :STMicroelectronics USB_DEVICE 1.0.0
2023-04-17 14:28:20,810 [INFO] ThirdParty:981 - CMSIS Pack Vendor :STMicroelectronics X-CUBE-AZRTOS-G0 1.0.0
2023-04-17 14:28:20,810 [INFO] ThirdParty:981 - CMSIS Pack Vendor :STMicroelectronics X-CUBE-EEPRMA1 3.1.1
2023-04-17 14:28:20,810 [INFO] ThirdParty:981 - CMSIS Pack Vendor :STMicroelectronics X-CUBE-GNSS1 5.2.0
2023-04-17 14:28:20,810 [INFO] ThirdParty:981 - CMSIS Pack Vendor :STMicroelectronics ThreadX 0.0.2
2023-04-17 14:28:20,810 [INFO] ThirdParty:981 - CMSIS Pack Vendor :WES I-CUBE-Cesium 1.3.0
2023-04-17 14:28:20,810 [INFO] ThirdParty:981 - CMSIS Pack Vendor :STMicroelectronics FP-ATR-ASTRA1 2.0.0
2023-04-17 14:28:20,810 [INFO] ThirdParty:981 - CMSIS Pack Vendor :STMicroelectronics lwIP 2.1.2
2023-04-17 14:28:20,810 [INFO] ThirdParty:981 - CMSIS Pack Vendor :STMicroelectronics X-CUBE-SFXS2LP1 4.0.0
2023-04-17 14:28:20,810 [INFO] ThirdParty:981 - CMSIS Pack Vendor :STMicroelectronics X-CUBE-BLE2 3.3.0
2023-04-17 14:28:20,810 [INFO] ThirdParty:981 - CMSIS Pack Vendor :STMicroelectronics X-CUBE-DISPLAY 2.2.0
2023-04-17 14:28:20,810 [INFO] ThirdParty:981 - CMSIS Pack Vendor :STMicroelectronics X-CUBE-TOF1 3.2.0
2023-04-17 14:28:20,810 [INFO] ThirdParty:981 - CMSIS Pack Vendor :STMicroelectronics PDM2PCM 3.2.0
2023-04-17 14:28:20,810 [INFO] ThirdParty:981 - CMSIS Pack Vendor :STMicroelectronics X-CUBE-AZRTOS-H7 3.0.0
2023-04-17 14:28:20,810 [INFO] ThirdParty:981 - CMSIS Pack Vendor :STMicroelectronics X-CUBE-TOF1 3.0.0
2023-04-17 14:28:20,810 [INFO] ThirdParty:981 - CMSIS Pack Vendor :STMicroelectronics X-CUBE-ISPU 1.0.0
2023-04-17 14:28:20,810 [INFO] ThirdParty:797 - exiting critical section [change project]
2023-04-17 14:28:20,980 [INFO] PinOutPanel:1468 - setPackage(No Configuration,No Configuration)
2023-04-17 14:28:20,981 [INFO] PinOutPanel:1468 - setPackage(STM32F103C8Tx,LQFP48)
2023-04-17 14:28:21,342 [INFO] UtilMem:74 - Before build in PCC Used Memory: 272079824 Bytes (357564416)
2023-04-17 14:28:21,986 [INFO] UtilMem:74 - After build in PCC Used Memory: 309228832 Bytes (357564416)
2023-04-17 14:28:22,008 [INFO] IPUIPlugin:79 - create IPUIPlugin
2023-04-17 14:28:22,009 [INFO] IPUIPlugin:79 - create IPUIPlugin
2023-04-17 14:28:22,009 [INFO] IPUIPlugin:79 - create IPUIPlugin
2023-04-17 14:28:22,009 [INFO] IPUIPlugin:79 - create IPUIPlugin
2023-04-17 14:28:22,009 [INFO] IPUIPlugin:79 - create IPUIPlugin
2023-04-17 14:28:22,009 [INFO] IPUIPlugin:79 - create IPUIPlugin
2023-04-17 14:28:22,009 [INFO] IPUIPlugin:79 - create IPUIPlugin
2023-04-17 14:28:22,009 [INFO] IPUIPlugin:79 - create IPUIPlugin
2023-04-17 14:28:22,009 [INFO] IPUIPlugin:79 - create IPUIPlugin
2023-04-17 14:28:22,009 [INFO] IPUIPlugin:79 - create IPUIPlugin
2023-04-17 14:28:22,010 [INFO] IPUIPlugin:79 - create IPUIPlugin
2023-04-17 14:28:22,010 [INFO] IPUIPlugin:79 - create IPUIPlugin
2023-04-17 14:28:22,010 [INFO] IPUIPlugin:79 - create IPUIPlugin
2023-04-17 14:28:22,010 [INFO] IPUIPlugin:79 - create IPUIPlugin
2023-04-17 14:28:22,011 [INFO] IPUIPlugin:79 - create IPUIPlugin
2023-04-17 14:28:22,011 [INFO] IPUIPlugin:79 - create IPUIPlugin
2023-04-17 14:28:22,011 [INFO] IPUIPlugin:79 - create IPUIPlugin
2023-04-17 14:28:22,011 [INFO] IPUIPlugin:79 - create IPUIPlugin
2023-04-17 14:28:22,012 [INFO] IPUIPlugin:79 - create IPUIPlugin
2023-04-17 14:28:22,012 [INFO] IPUIPlugin:79 - create IPUIPlugin
2023-04-17 14:28:22,012 [INFO] IPUIPlugin:79 - create IPUIPlugin
2023-04-17 14:28:22,012 [INFO] IPUIPlugin:79 - create IPUIPlugin
2023-04-17 14:28:22,013 [INFO] IPUIPlugin:79 - create IPUIPlugin
2023-04-17 14:28:22,013 [INFO] IPUIPlugin:79 - create IPUIPlugin
2023-04-17 14:28:22,013 [INFO] IPUIPlugin:79 - create IPUIPlugin
2023-04-17 14:28:22,013 [INFO] IPUIPlugin:79 - create IPUIPlugin
2023-04-17 14:28:22,013 [INFO] IPUIPlugin:79 - create IPUIPlugin
2023-04-17 14:28:22,231 [INFO] OpenFileManager:327 - Restore cursor
2023-04-17 14:28:23,483 [INFO] UtilMem:74 - End SaveConfig() Used Memory: 273614760 Bytes (357564416)
2023-04-17 14:28:23,518 [INFO] UtilMem:74 - End SaveConfig() Used Memory: 284812992 Bytes (357564416)
2023-04-17 14:28:24,142 [INFO] BlockDiagram:2753 - set Specific Code input for plugin: NVIC
2023-04-17 14:28:24,143 [INFO] BlockDiagram:2753 - set Specific Code input for plugin: RCC
2023-04-17 14:28:24,144 [INFO] CodeGenerator:690 - code generatio: config db path: E:\Programs\STM32CubeIDE_1.10.1\STM32CubeIDE\plugins\com.st.stm32cube.common.mx_6.6.1.202207061420\\db\
2023-04-17 14:28:24,361 [INFO] CodeEngine:245 - oldGeneratedFile, E:\Kampus\TA\Code\Capstone-OBC_TTC\OBC\Cube IDE\F103C8T6\MXTmpFiles\license.tmp_save
2023-04-17 14:28:24,668 [INFO] CodeEngine:269 - Generated code: E:\Kampus\TA\Code\Capstone-OBC_TTC\OBC\Cube IDE\F103C8T6\MXTmpFiles\license.tmp
2023-04-17 14:28:24,683 [INFO] CodeEngine:245 - oldGeneratedFile, E:\Kampus\TA\Code\Capstone-OBC_TTC\OBC\Cube IDE\F103C8T6\Core\Src\stm32f1xx_it.c_save
2023-04-17 14:28:24,860 [INFO] CodeEngine:269 - Generated code: E:\Kampus\TA\Code\Capstone-OBC_TTC\OBC\Cube IDE\F103C8T6\Core\Src\stm32f1xx_it.c
2023-04-17 14:28:24,865 [INFO] CodeEngine:245 - oldGeneratedFile, E:\Kampus\TA\Code\Capstone-OBC_TTC\OBC\Cube IDE\F103C8T6\Core\Inc\stm32f1xx_it.h_save
2023-04-17 14:28:24,968 [INFO] CodeEngine:269 - Generated code: E:\Kampus\TA\Code\Capstone-OBC_TTC\OBC\Cube IDE\F103C8T6\Core\Inc\stm32f1xx_it.h
2023-04-17 14:28:25,081 [INFO] CodeEngine:245 - oldGeneratedFile, E:\Kampus\TA\Code\Capstone-OBC_TTC\OBC\Cube IDE\F103C8T6\Core\Src\stm32f1xx_hal_msp.c_save
2023-04-17 14:28:25,181 [INFO] CodeEngine:269 - Generated code: E:\Kampus\TA\Code\Capstone-OBC_TTC\OBC\Cube IDE\F103C8T6\Core\Src\stm32f1xx_hal_msp.c
2023-04-17 14:28:25,183 [INFO] CodeEngine:245 - oldGeneratedFile, E:\Kampus\TA\Code\Capstone-OBC_TTC\OBC\Cube IDE\F103C8T6\MXTmpFiles\system.tmp_save
2023-04-17 14:28:25,223 [INFO] CodeEngine:269 - Generated code: E:\Kampus\TA\Code\Capstone-OBC_TTC\OBC\Cube IDE\F103C8T6\MXTmpFiles\system.tmp
2023-04-17 14:28:25,228 [INFO] CodeEngine:245 - oldGeneratedFile, E:\Kampus\TA\Code\Capstone-OBC_TTC\OBC\Cube IDE\F103C8T6\Core\Inc\stm32f1xx_hal_conf.h_save
2023-04-17 14:28:25,302 [INFO] CodeEngine:269 - Generated code: E:\Kampus\TA\Code\Capstone-OBC_TTC\OBC\Cube IDE\F103C8T6\Core\Inc\stm32f1xx_hal_conf.h
2023-04-17 14:28:25,329 [INFO] CodeEngine:245 - oldGeneratedFile, E:\Kampus\TA\Code\Capstone-OBC_TTC\OBC\Cube IDE\F103C8T6\Core\Inc\main.h_save
2023-04-17 14:28:25,392 [INFO] CodeEngine:269 - Generated code: E:\Kampus\TA\Code\Capstone-OBC_TTC\OBC\Cube IDE\F103C8T6\Core\Inc\main.h
2023-04-17 14:28:25,396 [INFO] CodeEngine:245 - oldGeneratedFile, E:\Kampus\TA\Code\Capstone-OBC_TTC\OBC\Cube IDE\F103C8T6\Core\Src\main.c_save
2023-04-17 14:28:25,512 [INFO] CodeEngine:269 - Generated code: E:\Kampus\TA\Code\Capstone-OBC_TTC\OBC\Cube IDE\F103C8T6\Core\Src\main.c
2023-04-17 14:28:26,046 [INFO] ProjectBuilder:2919 - Time for Copy HAL[1] : 83mS.
2023-04-17 14:28:26,055 [INFO] ProjectBuilder:4117 - Project Generator version: 3.17.1
2023-04-17 14:28:26,339 [INFO] ConfigFileManager:1394 - The Die is : DIE410
2023-04-17 14:28:26,351 [INFO] ApiDbMcu:505 - Load IP Config File for FATFS
2023-04-17 14:28:26,371 [INFO] ApiDbMcu:505 - Load IP Config File for FREERTOS
2023-04-17 14:28:26,380 [INFO] ApiDbMcu:505 - Load IP Config File for USB_DEVICE
2023-04-17 14:28:28,564 [INFO] ProjectBuilder:4285 - Time for Generating toolchain IDE Files: 2509mS.
2023-04-17 14:28:28,565 [INFO] ProjectBuilder:2790 - Time for Copy CMSIS : 1mS.
2023-04-17 14:28:28,566 [INFO] ProjectBuilder:2790 - Time for Copy CMSIS : 0mS.
2023-04-17 14:28:29,067 [INFO] McuFinderGlobals:57 - Set McuFinderConnectedMode to true
2023-04-17 14:28:29,070 [INFO] ApiDb:443 - Save user favorites file C:\Users\Alif/.stm32cubeide/favorites.mcus.txt: 0 item(s)
2023-04-17 14:28:29,070 [INFO] ApiDb:447 - User favorites MCUs=[]
2023-04-17 14:28:44,400 [WARN] IP:2111 - I2C_Coeff_DF not found: check if there is a RefParameter without a condition.
2023-04-17 14:28:44,400 [WARN] IP:2111 - Analog_Filter not found: check if there is a RefParameter without a condition.
2023-04-17 14:28:44,408 [WARN] IP:2111 - I2C_Coeff_DF not found: check if there is a RefParameter without a condition.
2023-04-17 14:28:44,408 [WARN] IP:2111 - Analog_Filter not found: check if there is a RefParameter without a condition.
2023-04-17 14:28:44,409 [WARN] IP:2111 - I2C_Coeff_DF not found: check if there is a RefParameter without a condition.
2023-04-17 14:28:44,409 [WARN] IP:2111 - Analog_Filter not found: check if there is a RefParameter without a condition.
2023-04-17 14:28:44,416 [WARN] IP:2111 - I2C_Coeff_DF not found: check if there is a RefParameter without a condition.
2023-04-17 14:28:44,416 [WARN] IP:2111 - Analog_Filter not found: check if there is a RefParameter without a condition.
2023-04-17 14:28:44,416 [WARN] IP:2111 - I2C_Coeff_DF not found: check if there is a RefParameter without a condition.
2023-04-17 14:28:44,417 [WARN] IP:2111 - Analog_Filter not found: check if there is a RefParameter without a condition.
2023-04-17 14:28:44,423 [WARN] IP:2111 - I2C_Coeff_DF not found: check if there is a RefParameter without a condition.
2023-04-17 14:28:44,424 [WARN] IP:2111 - Analog_Filter not found: check if there is a RefParameter without a condition.
2023-04-17 14:28:44,424 [WARN] IP:2111 - I2C_Coeff_DF not found: check if there is a RefParameter without a condition.
2023-04-17 14:28:44,425 [WARN] IP:2111 - Analog_Filter not found: check if there is a RefParameter without a condition.
2023-04-17 14:28:44,478 [WARN] IP:2111 - I2C_Coeff_DF not found: check if there is a RefParameter without a condition.
2023-04-17 14:28:44,478 [WARN] IP:2111 - Analog_Filter not found: check if there is a RefParameter without a condition.
2023-04-17 14:28:44,480 [WARN] IP:2111 - I2C_Coeff_DF not found: check if there is a RefParameter without a condition.
2023-04-17 14:28:44,480 [WARN] IP:2111 - Analog_Filter not found: check if there is a RefParameter without a condition.
2023-04-17 14:28:44,482 [WARN] IP:2111 - I2C_Coeff_DF not found: check if there is a RefParameter without a condition.
2023-04-17 14:28:44,483 [WARN] IP:2111 - Analog_Filter not found: check if there is a RefParameter without a condition.
2023-04-17 14:28:52,608 [WARN] IP:2111 - I2C_Coeff_DF not found: check if there is a RefParameter without a condition.
2023-04-17 14:28:52,608 [WARN] IP:2111 - Analog_Filter not found: check if there is a RefParameter without a condition.
2023-04-17 14:28:52,608 [WARN] IP:2111 - I2C_Coeff_DF not found: check if there is a RefParameter without a condition.
2023-04-17 14:28:52,608 [WARN] IP:2111 - Analog_Filter not found: check if there is a RefParameter without a condition.
2023-04-17 14:28:52,616 [WARN] IP:2111 - I2C_Coeff_DF not found: check if there is a RefParameter without a condition.
2023-04-17 14:28:52,616 [WARN] IP:2111 - Analog_Filter not found: check if there is a RefParameter without a condition.
2023-04-17 14:28:52,623 [WARN] IP:2111 - I2C_Coeff_DF not found: check if there is a RefParameter without a condition.
2023-04-17 14:28:52,623 [WARN] IP:2111 - Analog_Filter not found: check if there is a RefParameter without a condition.
2023-04-17 14:28:59,166 [WARN] IP:2111 - I2C_Coeff_DF not found: check if there is a RefParameter without a condition.
2023-04-17 14:28:59,167 [WARN] IP:2111 - Analog_Filter not found: check if there is a RefParameter without a condition.
2023-04-17 14:28:59,167 [WARN] IP:2111 - I2C_Coeff_DF not found: check if there is a RefParameter without a condition.
2023-04-17 14:28:59,167 [WARN] IP:2111 - Analog_Filter not found: check if there is a RefParameter without a condition.
2023-04-17 14:28:59,337 [WARN] IP:2111 - I2C_Coeff_DF not found: check if there is a RefParameter without a condition.
2023-04-17 14:28:59,337 [WARN] IP:2111 - Analog_Filter not found: check if there is a RefParameter without a condition.
2023-04-17 14:28:59,337 [WARN] IP:2111 - I2C_Coeff_DF not found: check if there is a RefParameter without a condition.
2023-04-17 14:28:59,337 [WARN] IP:2111 - Analog_Filter not found: check if there is a RefParameter without a condition.
2023-04-17 14:28:59,696 [WARN] IP:2111 - I2C_Coeff_DF not found: check if there is a RefParameter without a condition.
2023-04-17 14:28:59,696 [WARN] IP:2111 - Analog_Filter not found: check if there is a RefParameter without a condition.
2023-04-17 14:28:59,696 [WARN] IP:2111 - I2C_Coeff_DF not found: check if there is a RefParameter without a condition.
2023-04-17 14:28:59,696 [WARN] IP:2111 - Analog_Filter not found: check if there is a RefParameter without a condition.
2023-04-17 14:28:59,810 [WARN] IP:2111 - I2C_Coeff_DF not found: check if there is a RefParameter without a condition.
2023-04-17 14:28:59,810 [WARN] IP:2111 - Analog_Filter not found: check if there is a RefParameter without a condition.
2023-04-17 14:28:59,810 [WARN] IP:2111 - I2C_Coeff_DF not found: check if there is a RefParameter without a condition.
2023-04-17 14:28:59,810 [WARN] IP:2111 - Analog_Filter not found: check if there is a RefParameter without a condition.
2023-04-17 14:29:00,080 [WARN] IP:2111 - I2C_Coeff_DF not found: check if there is a RefParameter without a condition.
2023-04-17 14:29:00,080 [WARN] IP:2111 - Analog_Filter not found: check if there is a RefParameter without a condition.
2023-04-17 14:29:00,080 [WARN] IP:2111 - I2C_Coeff_DF not found: check if there is a RefParameter without a condition.
2023-04-17 14:29:00,080 [WARN] IP:2111 - Analog_Filter not found: check if there is a RefParameter without a condition.
2023-04-17 14:29:00,199 [WARN] IP:2111 - I2C_Coeff_DF not found: check if there is a RefParameter without a condition.
2023-04-17 14:29:00,199 [WARN] IP:2111 - Analog_Filter not found: check if there is a RefParameter without a condition.
2023-04-17 14:29:00,200 [WARN] IP:2111 - I2C_Coeff_DF not found: check if there is a RefParameter without a condition.
2023-04-17 14:29:00,200 [WARN] IP:2111 - Analog_Filter not found: check if there is a RefParameter without a condition.
2023-04-17 14:29:01,687 [WARN] IP:2111 - I2C_Coeff_DF not found: check if there is a RefParameter without a condition.
2023-04-17 14:29:01,688 [WARN] IP:2111 - Analog_Filter not found: check if there is a RefParameter without a condition.
2023-04-17 14:29:01,688 [WARN] IP:2111 - I2C_Coeff_DF not found: check if there is a RefParameter without a condition.
2023-04-17 14:29:01,688 [WARN] IP:2111 - Analog_Filter not found: check if there is a RefParameter without a condition.
2023-04-17 14:29:01,771 [WARN] IP:2111 - I2C_Coeff_DF not found: check if there is a RefParameter without a condition.
2023-04-17 14:29:01,771 [WARN] IP:2111 - Analog_Filter not found: check if there is a RefParameter without a condition.
2023-04-17 14:29:01,771 [WARN] IP:2111 - I2C_Coeff_DF not found: check if there is a RefParameter without a condition.
2023-04-17 14:29:01,771 [WARN] IP:2111 - Analog_Filter not found: check if there is a RefParameter without a condition.
2023-04-17 14:29:10,524 [WARN] IP:2111 - I2C_Coeff_DF not found: check if there is a RefParameter without a condition.
2023-04-17 14:29:10,525 [WARN] IP:2111 - Analog_Filter not found: check if there is a RefParameter without a condition.
2023-04-17 14:29:10,525 [WARN] IP:2111 - I2C_Coeff_DF not found: check if there is a RefParameter without a condition.
2023-04-17 14:29:10,525 [WARN] IP:2111 - Analog_Filter not found: check if there is a RefParameter without a condition.
2023-04-17 14:29:10,677 [WARN] IP:2111 - I2C_Coeff_DF not found: check if there is a RefParameter without a condition.
2023-04-17 14:29:10,677 [WARN] IP:2111 - Analog_Filter not found: check if there is a RefParameter without a condition.
2023-04-17 14:29:10,678 [WARN] IP:2111 - I2C_Coeff_DF not found: check if there is a RefParameter without a condition.
2023-04-17 14:29:10,678 [WARN] IP:2111 - Analog_Filter not found: check if there is a RefParameter without a condition.
2023-04-17 14:29:15,664 [WARN] IP:2111 - I2C_Coeff_DF not found: check if there is a RefParameter without a condition.
2023-04-17 14:29:15,664 [WARN] IP:2111 - Analog_Filter not found: check if there is a RefParameter without a condition.
2023-04-17 14:29:15,664 [WARN] IP:2111 - I2C_Coeff_DF not found: check if there is a RefParameter without a condition.
2023-04-17 14:29:15,664 [WARN] IP:2111 - Analog_Filter not found: check if there is a RefParameter without a condition.
2023-04-17 14:29:15,905 [WARN] IP:2111 - I2C_Coeff_DF not found: check if there is a RefParameter without a condition.
2023-04-17 14:29:15,905 [WARN] IP:2111 - Analog_Filter not found: check if there is a RefParameter without a condition.
2023-04-17 14:29:15,905 [WARN] IP:2111 - I2C_Coeff_DF not found: check if there is a RefParameter without a condition.
2023-04-17 14:29:15,905 [WARN] IP:2111 - Analog_Filter not found: check if there is a RefParameter without a condition.
2023-04-17 14:29:24,310 [INFO] UtilMem:74 - End SaveConfig() Used Memory: 446281808 Bytes (810549248)
2023-04-17 14:29:25,326 [INFO] UtilMem:74 - End SaveConfig() Used Memory: 498181328 Bytes (810549248)
2023-04-17 14:29:27,153 [INFO] UtilMem:74 - End SaveConfig() Used Memory: 558998736 Bytes (810549248)
2023-04-17 14:29:27,375 [INFO] BlockDiagram:2753 - set Specific Code input for plugin: NVIC
2023-04-17 14:29:27,375 [INFO] BlockDiagram:2753 - set Specific Code input for plugin: USART
2023-04-17 14:29:27,375 [INFO] BlockDiagram:2753 - set Specific Code input for plugin: SYS
2023-04-17 14:29:27,375 [INFO] BlockDiagram:2753 - set Specific Code input for plugin: GPIO
2023-04-17 14:29:27,375 [INFO] BlockDiagram:2753 - set Specific Code input for plugin: RCC
2023-04-17 14:29:27,376 [INFO] BlockDiagram:2753 - set Specific Code input for plugin: I2C
2023-04-17 14:29:27,376 [INFO] CodeGenerator:690 - code generatio: config db path: E:\Programs\STM32CubeIDE_1.10.1\STM32CubeIDE\plugins\com.st.stm32cube.common.mx_6.6.1.202207061420\\db\
2023-04-17 14:29:27,377 [WARN] IP:2111 - I2C_Coeff_DF not found: check if there is a RefParameter without a condition.
2023-04-17 14:29:27,378 [WARN] IP:2111 - Analog_Filter not found: check if there is a RefParameter without a condition.
2023-04-17 14:29:27,551 [INFO] CodeEngine:245 - oldGeneratedFile, E:\Kampus\TA\Code\Capstone-OBC_TTC\OBC\Cube IDE\F103C8T6\MXTmpFiles\license.tmp_save
2023-04-17 14:29:27,619 [INFO] CodeEngine:269 - Generated code: E:\Kampus\TA\Code\Capstone-OBC_TTC\OBC\Cube IDE\F103C8T6\MXTmpFiles\license.tmp
2023-04-17 14:29:27,644 [INFO] CodeEngine:245 - oldGeneratedFile, E:\Kampus\TA\Code\Capstone-OBC_TTC\OBC\Cube IDE\F103C8T6\MXTmpFiles\gpio.tmp_save
2023-04-17 14:29:27,693 [INFO] CodeEngine:269 - Generated code: E:\Kampus\TA\Code\Capstone-OBC_TTC\OBC\Cube IDE\F103C8T6\MXTmpFiles\gpio.tmp
2023-04-17 14:29:27,733 [INFO] CodeEngine:245 - oldGeneratedFile, E:\Kampus\TA\Code\Capstone-OBC_TTC\OBC\Cube IDE\F103C8T6\Core\Src\stm32f1xx_it.c_save
2023-04-17 14:29:27,777 [INFO] CodeEngine:269 - Generated code: E:\Kampus\TA\Code\Capstone-OBC_TTC\OBC\Cube IDE\F103C8T6\Core\Src\stm32f1xx_it.c
2023-04-17 14:29:27,779 [INFO] CodeEngine:245 - oldGeneratedFile, E:\Kampus\TA\Code\Capstone-OBC_TTC\OBC\Cube IDE\F103C8T6\Core\Inc\stm32f1xx_it.h_save
2023-04-17 14:29:27,816 [INFO] CodeEngine:269 - Generated code: E:\Kampus\TA\Code\Capstone-OBC_TTC\OBC\Cube IDE\F103C8T6\Core\Inc\stm32f1xx_it.h
2023-04-17 14:29:27,821 [INFO] CodeEngine:245 - oldGeneratedFile, E:\Kampus\TA\Code\Capstone-OBC_TTC\OBC\Cube IDE\F103C8T6\Core\Src\stm32f1xx_hal_msp.c_save
2023-04-17 14:29:27,893 [INFO] CodeEngine:269 - Generated code: E:\Kampus\TA\Code\Capstone-OBC_TTC\OBC\Cube IDE\F103C8T6\Core\Src\stm32f1xx_hal_msp.c
2023-04-17 14:29:27,896 [INFO] CodeEngine:245 - oldGeneratedFile, E:\Kampus\TA\Code\Capstone-OBC_TTC\OBC\Cube IDE\F103C8T6\MXTmpFiles\system.tmp_save
2023-04-17 14:29:27,933 [INFO] CodeEngine:269 - Generated code: E:\Kampus\TA\Code\Capstone-OBC_TTC\OBC\Cube IDE\F103C8T6\MXTmpFiles\system.tmp
2023-04-17 14:29:27,937 [INFO] CodeEngine:245 - oldGeneratedFile, E:\Kampus\TA\Code\Capstone-OBC_TTC\OBC\Cube IDE\F103C8T6\Core\Inc\stm32f1xx_hal_conf.h_save
2023-04-17 14:29:27,982 [INFO] CodeEngine:269 - Generated code: E:\Kampus\TA\Code\Capstone-OBC_TTC\OBC\Cube IDE\F103C8T6\Core\Inc\stm32f1xx_hal_conf.h
2023-04-17 14:29:27,997 [INFO] CodeEngine:245 - oldGeneratedFile, E:\Kampus\TA\Code\Capstone-OBC_TTC\OBC\Cube IDE\F103C8T6\Core\Inc\main.h_save
2023-04-17 14:29:28,069 [INFO] CodeEngine:269 - Generated code: E:\Kampus\TA\Code\Capstone-OBC_TTC\OBC\Cube IDE\F103C8T6\Core\Inc\main.h
2023-04-17 14:29:28,071 [INFO] CodeEngine:245 - oldGeneratedFile, E:\Kampus\TA\Code\Capstone-OBC_TTC\OBC\Cube IDE\F103C8T6\Core\Src\main.c_save
2023-04-17 14:29:28,186 [INFO] CodeEngine:269 - Generated code: E:\Kampus\TA\Code\Capstone-OBC_TTC\OBC\Cube IDE\F103C8T6\Core\Src\main.c
2023-04-17 14:29:28,548 [INFO] ProjectBuilder:2919 - Time for Copy HAL[1] : 98mS.
2023-04-17 14:29:28,550 [INFO] ProjectBuilder:4117 - Project Generator version: 3.17.1
2023-04-17 14:29:28,834 [INFO] ConfigFileManager:1394 - The Die is : DIE410
2023-04-17 14:29:29,878 [INFO] ProjectBuilder:4285 - Time for Generating toolchain IDE Files: 1328mS.
2023-04-17 14:29:29,879 [INFO] ProjectBuilder:2790 - Time for Copy CMSIS : 0mS.
2023-04-17 14:29:29,881 [INFO] ProjectBuilder:2790 - Time for Copy CMSIS : 0mS.
2023-04-17 14:29:46,187 [ERROR] LogOutputStream:74 - [STDERR_REDIRECT] 
2023-04-17 14:30:44,160 [INFO] Activator:177 - 


2023-04-17 14:30:44,161 [INFO] Activator:178 - !SESSION log4j initialized
2023-04-17 14:31:08,733 [ERROR] LogOutputStream:74 - [STDERR_REDIRECT] SLF4J: Failed to load class "org.slf4j.impl.StaticLoggerBinder".
2023-04-17 14:31:08,734 [ERROR] LogOutputStream:74 - [STDERR_REDIRECT] SLF4J: Defaulting to no-operation (NOP) logger implementation
2023-04-17 14:31:08,735 [ERROR] LogOutputStream:74 - [STDERR_REDIRECT] SLF4J: See http://www.slf4j.org/codes.html#StaticLoggerBinder for further details.
